;  LST file generated by mikroListExporter - v.2.0 
; Date/Time: 02/07/2018 17:11:02
;----------------------------------------------

;Address Opcode 	ASM
0x0000	0xF005EF01  	GOTO        2562
0x0004	0x0000      	NOP
0x0006	0x0000      	NOP
0x0008	0xF000EF00  	GOTO        0
0x000C	0x0000      	NOP
0x000E	0x0000      	NOP
0x0010	0x0000      	NOP
0x0012	0x0000      	NOP
0x0014	0x0000      	NOP
0x0016	0x0000      	NOP
0x0018	0xD7F3      	BRA         0
_FIXSIGN32:
;__Lib_MathDouble.c,117 :: 		
;__Lib_MathDouble.c,121 :: 		
0x001C	0xAE0A      	BTFSS       R10, 7, 0
;__Lib_MathDouble.c,122 :: 		
0x001E	0x9E02      	BCF         R2, 7, 0
;__Lib_MathDouble.c,123 :: 		
0x0020	0x0E00      	MOVLW       0
;__Lib_MathDouble.c,125 :: 		
L_end_FIXSIGN32:
0x0022	0x0012      	RETURN      0
; end of _FIXSIGN32
_SETFUN32:
;__Lib_MathDouble.c,144 :: 		
;__Lib_MathDouble.c,152 :: 		
0x0024	0x840B      	BSF         R11, 2, 0
;__Lib_MathDouble.c,153 :: 		
0x0026	0xAE0B      	BTFSS       R11, 7, 0
;__Lib_MathDouble.c,154 :: 		
0x0028	0xF000EF1D  	GOTO        SETFUN32EEE
;__Lib_MathDouble.c,156 :: 		
0x002C	0x0E01      	MOVLW       1
;__Lib_MathDouble.c,157 :: 		
0x002E	0x6E03      	MOVWF       R3, 0
;__Lib_MathDouble.c,158 :: 		
0x0030	0x6A02      	CLRF        R2, 0
;__Lib_MathDouble.c,159 :: 		
0x0032	0x6A01      	CLRF        R1, 0
;__Lib_MathDouble.c,160 :: 		
0x0034	0x6A00      	CLRF        R0, 0
;__Lib_MathDouble.c,161 :: 		
0x0036	0x360A      	RLCF        R10, 1, 0
;__Lib_MathDouble.c,162 :: 		
0x0038	0x3202      	RRCF        R2, 1, 0
;__Lib_MathDouble.c,163 :: 		
SETFUN32EEE:
;__Lib_MathDouble.c,164 :: 		
0x003A	0x0EFF      	MOVLW       255
;__Lib_MathDouble.c,166 :: 		
L_end_SETFUN32:
0x003C	0x0012      	RETURN      0
; end of _SETFUN32
_RES032:
;__Lib_MathDouble.c,128 :: 		
;__Lib_MathDouble.c,134 :: 		
0x003E	0x6A02      	CLRF        R2, 0
;__Lib_MathDouble.c,135 :: 		
0x0040	0x6A01      	CLRF        R1, 0
;__Lib_MathDouble.c,136 :: 		
0x0042	0x6A00      	CLRF        R0, 0
;__Lib_MathDouble.c,137 :: 		
0x0044	0x6A08      	CLRF        R8, 0
;__Lib_MathDouble.c,138 :: 		
0x0046	0x6A03      	CLRF        R3, 0
;__Lib_MathDouble.c,139 :: 		
0x0048	0x0E00      	MOVLW       0
;__Lib_MathDouble.c,141 :: 		
L_end_RES032:
0x004A	0x0012      	RETURN      0
; end of _RES032
_Delay_22us:
;__Lib_Delays.c,15 :: 		void Delay_22us() {
;__Lib_Delays.c,16 :: 		Delay_us(22);
0x004C	0x0E0E      	MOVLW       14
0x004E	0x6E0D      	MOVWF       R13, 0
L_Delay_22us1:
0x0050	0x2E0D      	DECFSZ      R13, 1, 0
0x0052	0xD7FE      	BRA         L_Delay_22us1
0x0054	0x0000      	NOP
;__Lib_Delays.c,17 :: 		}
L_end_Delay_22us:
0x0056	0x0012      	RETURN      0
; end of _Delay_22us
_NRM3232:
;__Lib_MathDouble.c,455 :: 		
;__Lib_MathDouble.c,463 :: 		
0x0058	0x6A0C      	CLRF        R12, 0
;__Lib_MathDouble.c,464 :: 		
0x005A	0x6A0E      	CLRF        R14, 0
;__Lib_MathDouble.c,465 :: 		
0x005C	0x5002      	MOVF        R2, 0, 0
;__Lib_MathDouble.c,466 :: 		
0x005E	0xA4D8      	BTFSS       STATUS, 2, 0
;__Lib_MathDouble.c,467 :: 		
0x0060	0xF000EF45  	GOTO        NORM3232
;__Lib_MathDouble.c,468 :: 		
0x0064	0xF002C001  	MOVFF       R1, R2
;__Lib_MathDouble.c,469 :: 		
0x0068	0xF001C000  	MOVFF       R0, R1
;__Lib_MathDouble.c,470 :: 		
0x006C	0x6A00      	CLRF        R0, 0
;__Lib_MathDouble.c,471 :: 		
0x006E	0x860E      	BSF         R14, 3, 0
;__Lib_MathDouble.c,473 :: 		
0x0070	0x5002      	MOVF        R2, 0, 0
;__Lib_MathDouble.c,474 :: 		
0x0072	0xA4D8      	BTFSS       STATUS, 2, 0
;__Lib_MathDouble.c,475 :: 		
0x0074	0xF000EF45  	GOTO        NORM3232
;__Lib_MathDouble.c,476 :: 		
0x0078	0xF002C001  	MOVFF       R1, R2
;__Lib_MathDouble.c,477 :: 		
0x007C	0x6A01      	CLRF        R1, 0
;__Lib_MathDouble.c,478 :: 		
0x007E	0x960E      	BCF         R14, 3, 0
;__Lib_MathDouble.c,479 :: 		
0x0080	0x880E      	BSF         R14, 4, 0
;__Lib_MathDouble.c,481 :: 		
0x0082	0x5002      	MOVF        R2, 0, 0
;__Lib_MathDouble.c,482 :: 		
0x0084	0xB4D8      	BTFSC       STATUS, 2, 0
;__Lib_MathDouble.c,483 :: 		
0x0086	0xF000EF57  	GOTO        JPNRES032
;__Lib_MathDouble.c,484 :: 		
NORM3232:
;__Lib_MathDouble.c,485 :: 		
0x008A	0x500E      	MOVF        R14, 0, 0
;__Lib_MathDouble.c,486 :: 		
0x008C	0x5E03      	SUBWF       R3, 1, 0
;__Lib_MathDouble.c,487 :: 		
0x008E	0xA4D8      	BTFSS       STATUS, 2, 0
;__Lib_MathDouble.c,488 :: 		
0x0090	0xA0D8      	BTFSS       STATUS, 0, 0
;__Lib_MathDouble.c,489 :: 		
0x0092	0xF000EF5C  	GOTO        JPNSETFUN32
;__Lib_MathDouble.c,490 :: 		
0x0096	0x90D8      	BCF         STATUS, 0, 0
;__Lib_MathDouble.c,491 :: 		
NORM3232A:
;__Lib_MathDouble.c,492 :: 		
0x0098	0xBE02      	BTFSC       R2, 7, 0
;__Lib_MathDouble.c,493 :: 		
0x009A	0xF000EF61  	GOTO        JMPNFIXSIGN32
;__Lib_MathDouble.c,494 :: 		
0x009E	0x3600      	RLCF        R0, 1, 0
;__Lib_MathDouble.c,495 :: 		
0x00A0	0x3601      	RLCF        R1, 1, 0
;__Lib_MathDouble.c,496 :: 		
0x00A2	0x3602      	RLCF        R2, 1, 0
;__Lib_MathDouble.c,497 :: 		
0x00A4	0x2E03      	DECFSZ      R3, 1, 0
;__Lib_MathDouble.c,498 :: 		
0x00A6	0xF000EF4C  	GOTO        NORM3232A
;__Lib_MathDouble.c,499 :: 		
0x00AA	0xF000EF5C  	GOTO        JPNSETFUN32
;__Lib_MathDouble.c,500 :: 		
JPNRES032:
;__Lib_MathDouble.c,501 :: 		
0x00AE	0x0E01      	MOVLW       1
;__Lib_MathDouble.c,502 :: 		
0x00B0	0x6E0C      	MOVWF       R12, 0
;__Lib_MathDouble.c,504 :: 		
0x00B2	0xDFC5      	RCALL       _RES032
;__Lib_MathDouble.c,506 :: 		
0x00B4	0xF000EF64  	GOTO        NORM32EEE
;__Lib_MathDouble.c,507 :: 		
JPNSETFUN32:
;__Lib_MathDouble.c,508 :: 		
0x00B8	0x0E02      	MOVLW       2
;__Lib_MathDouble.c,509 :: 		
0x00BA	0x6E0C      	MOVWF       R12, 0
;__Lib_MathDouble.c,511 :: 		
0x00BC	0xDFB3      	RCALL       _SETFUN32
;__Lib_MathDouble.c,513 :: 		
0x00BE	0xF000EF64  	GOTO        NORM32EEE
;__Lib_MathDouble.c,514 :: 		
JMPNFIXSIGN32:
;__Lib_MathDouble.c,515 :: 		
0x00C2	0x0E04      	MOVLW       4
;__Lib_MathDouble.c,516 :: 		
0x00C4	0x6E0C      	MOVWF       R12, 0
;__Lib_MathDouble.c,518 :: 		
0x00C6	0xDFAA      	RCALL       _FIXSIGN32
;__Lib_MathDouble.c,520 :: 		
NORM32EEE:
;__Lib_MathDouble.c,527 :: 		
L_end_NRM3232:
0x00C8	0x0012      	RETURN      0
; end of _NRM3232
_SETFOV32:
;__Lib_MathDouble.c,82 :: 		
;__Lib_MathDouble.c,90 :: 		
0x00CA	0x820B      	BSF         R11, 1, 0
;__Lib_MathDouble.c,91 :: 		
0x00CC	0xAE0B      	BTFSS       R11, 7, 0
;__Lib_MathDouble.c,92 :: 		
0x00CE	0xF000EF6F  	GOTO        SETFOV32EEE
;__Lib_MathDouble.c,94 :: 		
0x00D2	0x6803      	SETF        R3, 0
;__Lib_MathDouble.c,95 :: 		
0x00D4	0x6802      	SETF        R2, 0
;__Lib_MathDouble.c,96 :: 		
0x00D6	0x6801      	SETF        R1, 0
;__Lib_MathDouble.c,97 :: 		
0x00D8	0x6800      	SETF        R0, 0
;__Lib_MathDouble.c,98 :: 		
0x00DA	0x360A      	RLCF        R10, 1, 0
;__Lib_MathDouble.c,99 :: 		
0x00DC	0x3202      	RRCF        R2, 1, 0
;__Lib_MathDouble.c,100 :: 		
SETFOV32EEE:
;__Lib_MathDouble.c,101 :: 		
0x00DE	0x0EFF      	MOVLW       255
;__Lib_MathDouble.c,103 :: 		
L_end_SETFOV32:
0x00E0	0x0012      	RETURN      0
; end of _SETFOV32
_SETIOV3224:
;__Lib_MathDouble.c,530 :: 		
;__Lib_MathDouble.c,537 :: 		
0x00E2	0x800B      	BSF         R11, 0, 0
;__Lib_MathDouble.c,538 :: 		
0x00E4	0xAE0B      	BTFSS       R11, 7, 0
;__Lib_MathDouble.c,539 :: 		
0x00E6	0xF000EF7D  	GOTO        SETIOV3224EEE
;__Lib_MathDouble.c,541 :: 		
0x00EA	0x6A02      	CLRF        R2, 0
;__Lib_MathDouble.c,542 :: 		
0x00EC	0xAE0A      	BTFSS       R10, 7, 0
;__Lib_MathDouble.c,543 :: 		
0x00EE	0x0EFF      	MOVLW       255
;__Lib_MathDouble.c,544 :: 		
0x00F0	0x6E02      	MOVWF       R2, 0
;__Lib_MathDouble.c,545 :: 		
0x00F2	0x6E01      	MOVWF       R1, 0
;__Lib_MathDouble.c,546 :: 		
0x00F4	0x6E00      	MOVWF       R0, 0
;__Lib_MathDouble.c,547 :: 		
0x00F6	0x360A      	RLCF        R10, 1, 0
;__Lib_MathDouble.c,548 :: 		
0x00F8	0x3202      	RRCF        R2, 1, 0
;__Lib_MathDouble.c,549 :: 		
SETIOV3224EEE:
;__Lib_MathDouble.c,550 :: 		
0x00FA	0x0EFF      	MOVLW       255
;__Lib_MathDouble.c,552 :: 		
L_end_SETIOV3224:
0x00FC	0x0012      	RETURN      0
; end of _SETIOV3224
_Compare_Double:
;__Lib_MathDouble.c,2518 :: 		
;__Lib_MathDouble.c,2529 :: 		
0x00FE	0x6A0A      	CLRF        R10, 0
;__Lib_MathDouble.c,2530 :: 		
0x0100	0x5003      	MOVF        R3, 0, 0
;__Lib_MathDouble.c,2531 :: 		
0x0102	0xA4D8      	BTFSS       STATUS, 2, 0
;__Lib_MathDouble.c,2532 :: 		
0x0104	0x800A      	BSF         R10, 0, 0
;__Lib_MathDouble.c,2533 :: 		
0x0106	0x5007      	MOVF        R7, 0, 0
;__Lib_MathDouble.c,2534 :: 		
0x0108	0xA4D8      	BTFSS       STATUS, 2, 0
;__Lib_MathDouble.c,2535 :: 		
0x010A	0x820A      	BSF         R10, 1, 0
;__Lib_MathDouble.c,2537 :: 		
0x010C	0x500A      	MOVF        R10, 0, 0
;__Lib_MathDouble.c,2538 :: 		
0x010E	0xB4D8      	BTFSC       STATUS, 2, 0
;__Lib_MathDouble.c,2539 :: 		
0x0110	0xF000EFE2  	GOTO        COMPARE_EQU
;__Lib_MathDouble.c,2540 :: 		
0x0114	0x0A03      	XORLW       3
;__Lib_MathDouble.c,2541 :: 		
0x0116	0xB4D8      	BTFSC       STATUS, 2, 0
;__Lib_MathDouble.c,2542 :: 		
0x0118	0xF000EF9B  	GOTO        COMPARE_NOTZERO
;__Lib_MathDouble.c,2544 :: 		
0x011C	0xB00A      	BTFSC       R10, 0, 0
;__Lib_MathDouble.c,2545 :: 		
0x011E	0xF000EF96  	GOTO        COMPARE_XNOTZERO
;__Lib_MathDouble.c,2547 :: 		
0x0122	0xAE06      	BTFSS       R6, 7, 0
;__Lib_MathDouble.c,2548 :: 		
0x0124	0xF000EFE0  	GOTO        COMPARE_LT
;__Lib_MathDouble.c,2549 :: 		
0x0128	0xF000EFDE  	GOTO        COMPARE_GT
;__Lib_MathDouble.c,2550 :: 		
COMPARE_XNOTZERO:
;__Lib_MathDouble.c,2551 :: 		
0x012C	0xAE02      	BTFSS       R2, 7, 0
;__Lib_MathDouble.c,2552 :: 		
0x012E	0xF000EFDE  	GOTO        COMPARE_GT
;__Lib_MathDouble.c,2553 :: 		
0x0132	0xF000EFE0  	GOTO        COMPARE_LT
;__Lib_MathDouble.c,2555 :: 		
COMPARE_NOTZERO:
;__Lib_MathDouble.c,2556 :: 		
0x0136	0x5002      	MOVF        R2, 0, 0
;__Lib_MathDouble.c,2557 :: 		
0x0138	0x0B80      	ANDLW       128
;__Lib_MathDouble.c,2558 :: 		
0x013A	0x6E0A      	MOVWF       R10, 0
;__Lib_MathDouble.c,2559 :: 		
0x013C	0x9E02      	BCF         R2, 7, 0
;__Lib_MathDouble.c,2561 :: 		
0x013E	0x5006      	MOVF        R6, 0, 0
;__Lib_MathDouble.c,2562 :: 		
0x0140	0x0B80      	ANDLW       128
;__Lib_MathDouble.c,2563 :: 		
0x0142	0x9E06      	BCF         R6, 7, 0
;__Lib_MathDouble.c,2565 :: 		
0x0144	0x180A      	XORWF       R10, 0, 0
;__Lib_MathDouble.c,2566 :: 		
0x0146	0xB4D8      	BTFSC       STATUS, 2, 0
;__Lib_MathDouble.c,2567 :: 		
0x0148	0xF000EFAC  	GOTO        COMPARE_TESTALL
;__Lib_MathDouble.c,2569 :: 		
0x014C	0x500A      	MOVF        R10, 0, 0
;__Lib_MathDouble.c,2570 :: 		
0x014E	0xB4D8      	BTFSC       STATUS, 2, 0
;__Lib_MathDouble.c,2571 :: 		
0x0150	0xF000EFDE  	GOTO        COMPARE_GT
;__Lib_MathDouble.c,2572 :: 		
0x0154	0xF000EFE0  	GOTO        COMPARE_LT
;__Lib_MathDouble.c,2574 :: 		
COMPARE_TESTALL:
;__Lib_MathDouble.c,2575 :: 		
0x0158	0x5007      	MOVF        R7, 0, 0
;__Lib_MathDouble.c,2576 :: 		
0x015A	0x5C03      	SUBWF       R3, 0, 0
;__Lib_MathDouble.c,2577 :: 		
0x015C	0xB4D8      	BTFSC       STATUS, 2, 0
;__Lib_MathDouble.c,2578 :: 		
0x015E	0xF000EFB6  	GOTO        COMPARE_C1
;__Lib_MathDouble.c,2579 :: 		
0x0162	0xA0D8      	BTFSS       STATUS, 0, 0
;__Lib_MathDouble.c,2580 :: 		
0x0164	0xF000EFD2  	GOTO        GT_FALSE
;__Lib_MathDouble.c,2581 :: 		
0x0168	0xF000EFD8  	GOTO        GT_TRUE
;__Lib_MathDouble.c,2582 :: 		
COMPARE_C1:
;__Lib_MathDouble.c,2583 :: 		
0x016C	0x5006      	MOVF        R6, 0, 0
;__Lib_MathDouble.c,2584 :: 		
0x016E	0x5C02      	SUBWF       R2, 0, 0
;__Lib_MathDouble.c,2585 :: 		
0x0170	0xB4D8      	BTFSC       STATUS, 2, 0
;__Lib_MathDouble.c,2586 :: 		
0x0172	0xF000EFC0  	GOTO        COMPARE_C2
;__Lib_MathDouble.c,2587 :: 		
0x0176	0xA0D8      	BTFSS       STATUS, 0, 0
;__Lib_MathDouble.c,2588 :: 		
0x0178	0xF000EFD2  	GOTO        GT_FALSE
;__Lib_MathDouble.c,2589 :: 		
0x017C	0xF000EFD8  	GOTO        GT_TRUE
;__Lib_MathDouble.c,2590 :: 		
COMPARE_C2:
;__Lib_MathDouble.c,2591 :: 		
0x0180	0x5005      	MOVF        R5, 0, 0
;__Lib_MathDouble.c,2592 :: 		
0x0182	0x5C01      	SUBWF       R1, 0, 0
;__Lib_MathDouble.c,2593 :: 		
0x0184	0xB4D8      	BTFSC       STATUS, 2, 0
;__Lib_MathDouble.c,2594 :: 		
0x0186	0xF000EFCA  	GOTO        COMPARE_C3
;__Lib_MathDouble.c,2595 :: 		
0x018A	0xA0D8      	BTFSS       STATUS, 0, 0
;__Lib_MathDouble.c,2596 :: 		
0x018C	0xF000EFD2  	GOTO        GT_FALSE
;__Lib_MathDouble.c,2597 :: 		
0x0190	0xF000EFD8  	GOTO        GT_TRUE
;__Lib_MathDouble.c,2598 :: 		
COMPARE_C3:
;__Lib_MathDouble.c,2599 :: 		
0x0194	0x5004      	MOVF        R4, 0, 0
;__Lib_MathDouble.c,2600 :: 		
0x0196	0x5C00      	SUBWF       R0, 0, 0
;__Lib_MathDouble.c,2601 :: 		
0x0198	0xB4D8      	BTFSC       STATUS, 2, 0
;__Lib_MathDouble.c,2602 :: 		
0x019A	0xF000EFE2  	GOTO        COMPARE_EQU
;__Lib_MathDouble.c,2603 :: 		
0x019E	0xB0D8      	BTFSC       STATUS, 0, 0
;__Lib_MathDouble.c,2604 :: 		
0x01A0	0xF000EFD8  	GOTO        GT_TRUE
;__Lib_MathDouble.c,2606 :: 		
GT_FALSE:
;__Lib_MathDouble.c,2607 :: 		
0x01A4	0x520A      	MOVF        R10, 1, 0
;__Lib_MathDouble.c,2608 :: 		
0x01A6	0xB4D8      	BTFSC       STATUS, 2, 0
;__Lib_MathDouble.c,2609 :: 		
0x01A8	0xF000EFE0  	GOTO        COMPARE_LT
;__Lib_MathDouble.c,2610 :: 		
0x01AC	0xF000EFDE  	GOTO        COMPARE_GT
;__Lib_MathDouble.c,2611 :: 		
GT_TRUE:
;__Lib_MathDouble.c,2612 :: 		
0x01B0	0x520A      	MOVF        R10, 1, 0
;__Lib_MathDouble.c,2613 :: 		
0x01B2	0xB4D8      	BTFSC       STATUS, 2, 0
;__Lib_MathDouble.c,2614 :: 		
0x01B4	0xF000EFDE  	GOTO        COMPARE_GT
;__Lib_MathDouble.c,2615 :: 		
0x01B8	0xF000EFE0  	GOTO        COMPARE_LT
;__Lib_MathDouble.c,2617 :: 		
COMPARE_GT:
;__Lib_MathDouble.c,2620 :: 		
0x01BC	0x80D8      	BSF         STATUS, 0, 0
;__Lib_MathDouble.c,2621 :: 		
0x01BE	0x0012      	RETURN      0
;__Lib_MathDouble.c,2622 :: 		
COMPARE_LT:
;__Lib_MathDouble.c,2625 :: 		
0x01C0	0x90D8      	BCF         STATUS, 0, 0
;__Lib_MathDouble.c,2626 :: 		
0x01C2	0x0012      	RETURN      0
;__Lib_MathDouble.c,2627 :: 		
COMPARE_EQU:
;__Lib_MathDouble.c,2630 :: 		
0x01C4	0x80D8      	BSF         STATUS, 0, 0
;__Lib_MathDouble.c,2631 :: 		
0x01C6	0x84D8      	BSF         STATUS, 2, 0
;__Lib_MathDouble.c,2632 :: 		
0x01C8	0x0012      	RETURN      0
;__Lib_MathDouble.c,2634 :: 		
L_end_Compare_Double:
0x01CA	0x0012      	RETURN      0
; end of _Compare_Double
_double2word:
;__Lib_MathDouble.c,2023 :: 		
;__Lib_MathDouble.c,2032 :: 		
0x01CC	0x6A0B      	CLRF        R11, 0
;__Lib_MathDouble.c,2033 :: 		
0x01CE	0x6A0C      	CLRF        R12, 0
;__Lib_MathDouble.c,2034 :: 		
0x01D0	0x6A0A      	CLRF        R10, 0
;__Lib_MathDouble.c,2036 :: 		
0x01D2	0x5003      	MOVF        R3, 0, 0
;__Lib_MathDouble.c,2037 :: 		
0x01D4	0xB4D8      	BTFSC       STATUS, 2, 0
;__Lib_MathDouble.c,2038 :: 		
0x01D6	0xF001EF30  	GOTO        IRES016U
;__Lib_MathDouble.c,2040 :: 		
0x01DA	0x8E02      	BSF         R2, 7, 0
;__Lib_MathDouble.c,2042 :: 		
0x01DC	0x0E8E      	MOVLW       142
;__Lib_MathDouble.c,2043 :: 		
0x01DE	0x5E03      	SUBWF       R3, 1, 0
;__Lib_MathDouble.c,2044 :: 		
0x01E0	0xBE03      	BTFSC       R3, 7, 0
;__Lib_MathDouble.c,2045 :: 		
0x01E2	0xF000EFF8  	GOTO        SETEXP16U
;__Lib_MathDouble.c,2046 :: 		
0x01E6	0xB4D8      	BTFSC       STATUS, 2, 0
;__Lib_MathDouble.c,2047 :: 		
0x01E8	0xF000EFF8  	GOTO        SETEXP16U
;__Lib_MathDouble.c,2048 :: 		
0x01EC	0xF001EF34  	GOTO        SETIOV16U
;__Lib_MathDouble.c,2049 :: 		
SETEXP16U:
;__Lib_MathDouble.c,2050 :: 		
0x01F0	0x6C03      	NEGF        R3, 0
;__Lib_MathDouble.c,2052 :: 		
0x01F2	0x0E08      	MOVLW       8
;__Lib_MathDouble.c,2053 :: 		
0x01F4	0x5C03      	SUBWF       R3, 0, 0
;__Lib_MathDouble.c,2054 :: 		
0x01F6	0xA0D8      	BTFSS       STATUS, 0, 0
;__Lib_MathDouble.c,2055 :: 		
0x01F8	0xF001EF0F  	GOTO        TSHIFT3216U
;__Lib_MathDouble.c,2056 :: 		
0x01FC	0x6E03      	MOVWF       R3, 0
;__Lib_MathDouble.c,2057 :: 		
0x01FE	0x3601      	RLCF        R1, 1, 0
;__Lib_MathDouble.c,2058 :: 		
0x0200	0xF001C002  	MOVFF       R2, R1
;__Lib_MathDouble.c,2059 :: 		
0x0204	0x6A02      	CLRF        R2, 0
;__Lib_MathDouble.c,2061 :: 		
0x0206	0x0E08      	MOVLW       8
;__Lib_MathDouble.c,2062 :: 		
0x0208	0x5C03      	SUBWF       R3, 0, 0
;__Lib_MathDouble.c,2063 :: 		
0x020A	0xA0D8      	BTFSS       STATUS, 0, 0
;__Lib_MathDouble.c,2064 :: 		
0x020C	0xF001EF0F  	GOTO        TSHIFT3216U
;__Lib_MathDouble.c,2065 :: 		
0x0210	0x3601      	RLCF        R1, 1, 0
;__Lib_MathDouble.c,2066 :: 		
0x0212	0x6A01      	CLRF        R1, 0
;__Lib_MathDouble.c,2068 :: 		
0x0214	0x5003      	MOVF        R3, 0, 0
;__Lib_MathDouble.c,2069 :: 		
0x0216	0xA4D8      	BTFSS       STATUS, 2, 0
;__Lib_MathDouble.c,2070 :: 		
0x0218	0x90D8      	BCF         STATUS, 0, 0
;__Lib_MathDouble.c,2071 :: 		
0x021A	0xF001EF19  	GOTO        SHIFT3216UOK
;__Lib_MathDouble.c,2072 :: 		
TSHIFT3216U:
;__Lib_MathDouble.c,2073 :: 		
0x021E	0x5003      	MOVF        R3, 0, 0
;__Lib_MathDouble.c,2074 :: 		
0x0220	0xB4D8      	BTFSC       STATUS, 2, 0
;__Lib_MathDouble.c,2075 :: 		
0x0222	0xF001EF19  	GOTO        SHIFT3216UOK
;__Lib_MathDouble.c,2076 :: 		
SHIFT3216U:
;__Lib_MathDouble.c,2077 :: 		
0x0226	0x90D8      	BCF         STATUS, 0, 0
;__Lib_MathDouble.c,2078 :: 		
0x0228	0x3202      	RRCF        R2, 1, 0
;__Lib_MathDouble.c,2079 :: 		
0x022A	0x3201      	RRCF        R1, 1, 0
;__Lib_MathDouble.c,2080 :: 		
0x022C	0x2E03      	DECFSZ      R3, 1, 0
;__Lib_MathDouble.c,2081 :: 		
0x022E	0xF001EF13  	GOTO        SHIFT3216U
;__Lib_MathDouble.c,2082 :: 		
SHIFT3216UOK:
;__Lib_MathDouble.c,2083 :: 		
0x0232	0xBC0B      	BTFSC       R11, 6, 0
;__Lib_MathDouble.c,2084 :: 		
0x0234	0xA001      	BTFSS       R1, 0, 0
;__Lib_MathDouble.c,2085 :: 		
0x0236	0xF001EF26  	GOTO        INT3216UOK
;__Lib_MathDouble.c,2086 :: 		
0x023A	0xA0D8      	BTFSS       STATUS, 0, 0
;__Lib_MathDouble.c,2087 :: 		
0x023C	0xF001EF26  	GOTO        INT3216UOK
;__Lib_MathDouble.c,2088 :: 		
0x0240	0x2A01      	INCF        R1, 1, 0
;__Lib_MathDouble.c,2089 :: 		
0x0242	0xB4D8      	BTFSC       STATUS, 2, 0
;__Lib_MathDouble.c,2090 :: 		
0x0244	0x2A02      	INCF        R2, 1, 0
;__Lib_MathDouble.c,2091 :: 		
0x0246	0xBE02      	BTFSC       R2, 7, 0
;__Lib_MathDouble.c,2092 :: 		
0x0248	0xF001EF43  	GOTO        JPKSETIOV3224
;__Lib_MathDouble.c,2093 :: 		
INT3216UOK:
;__Lib_MathDouble.c,2094 :: 		
0x024C	0xAE0A      	BTFSS       R10, 7, 0
;__Lib_MathDouble.c,2095 :: 		
0x024E	0xF001EF48  	GOTO        INT3216UEOK
;__Lib_MathDouble.c,2097 :: 		
0x0252	0x1E02      	COMF        R2, 1, 0
;__Lib_MathDouble.c,2098 :: 		
0x0254	0x1E01      	COMF        R1, 1, 0
;__Lib_MathDouble.c,2099 :: 		
0x0256	0x2A01      	INCF        R1, 1, 0
;__Lib_MathDouble.c,2100 :: 		
0x0258	0xB4D8      	BTFSC       STATUS, 2, 0
;__Lib_MathDouble.c,2101 :: 		
0x025A	0x2A02      	INCF        R2, 1, 0
;__Lib_MathDouble.c,2102 :: 		
0x025C	0xF001EF48  	GOTO        INT3216UEOK
;__Lib_MathDouble.c,2104 :: 		
IRES016U:
;__Lib_MathDouble.c,2105 :: 		
0x0260	0x6A02      	CLRF        R2, 0
;__Lib_MathDouble.c,2106 :: 		
0x0262	0x6A01      	CLRF        R1, 0
;__Lib_MathDouble.c,2107 :: 		
0x0264	0xF001EF48  	GOTO        INT3216UEOK
;__Lib_MathDouble.c,2108 :: 		
SETIOV16U:
;__Lib_MathDouble.c,2109 :: 		
0x0268	0x800B      	BSF         R11, 0, 0
;__Lib_MathDouble.c,2110 :: 		
0x026A	0xAE0B      	BTFSS       R11, 7, 0
;__Lib_MathDouble.c,2111 :: 		
0x026C	0xF001EF4C  	GOTO        INT3216UEER
;__Lib_MathDouble.c,2113 :: 		
0x0270	0x6A02      	CLRF        R2, 0
;__Lib_MathDouble.c,2114 :: 		
0x0272	0xAE0A      	BTFSS       R10, 7, 0
;__Lib_MathDouble.c,2115 :: 		
0x0274	0xF001EF4C  	GOTO        INT3216UEER
;__Lib_MathDouble.c,2116 :: 		
0x0278	0x0EFF      	MOVLW       255
;__Lib_MathDouble.c,2117 :: 		
0x027A	0x6E02      	MOVWF       R2, 0
;__Lib_MathDouble.c,2118 :: 		
0x027C	0x6E01      	MOVWF       R1, 0
;__Lib_MathDouble.c,2119 :: 		
0x027E	0x360A      	RLCF        R10, 1, 0
;__Lib_MathDouble.c,2120 :: 		
0x0280	0x3202      	RRCF        R2, 1, 0
;__Lib_MathDouble.c,2121 :: 		
0x0282	0xF001EF4C  	GOTO        INT3216UEER
;__Lib_MathDouble.c,2123 :: 		
JPKSETIOV3224:
;__Lib_MathDouble.c,2124 :: 		
0x0286	0x0E01      	MOVLW       1
;__Lib_MathDouble.c,2125 :: 		
0x0288	0x6E0C      	MOVWF       R12, 0
;__Lib_MathDouble.c,2127 :: 		
0x028A	0xDF2B      	RCALL       _SETIOV3224
;__Lib_MathDouble.c,2129 :: 		
0x028C	0xF001EF4E  	GOTO        INT3216UEEE
;__Lib_MathDouble.c,2130 :: 		
INT3216UEOK:
;__Lib_MathDouble.c,2131 :: 		
0x0290	0x0E00      	MOVLW       0
;__Lib_MathDouble.c,2132 :: 		
0x0292	0x6E0C      	MOVWF       R12, 0
;__Lib_MathDouble.c,2133 :: 		
0x0294	0xF001EF4E  	GOTO        INT3216UEEE
;__Lib_MathDouble.c,2134 :: 		
INT3216UEER:
;__Lib_MathDouble.c,2135 :: 		
0x0298	0x0EFF      	MOVLW       255
;__Lib_MathDouble.c,2136 :: 		
0x029A	0x6E0C      	MOVWF       R12, 0
;__Lib_MathDouble.c,2137 :: 		
INT3216UEEE:
;__Lib_MathDouble.c,2138 :: 		
0x029C	0x5001      	MOVF        R1, 0, 0
;__Lib_MathDouble.c,2139 :: 		
0x029E	0x6E00      	MOVWF       R0, 0
;__Lib_MathDouble.c,2140 :: 		
0x02A0	0x5002      	MOVF        R2, 0, 0
;__Lib_MathDouble.c,2141 :: 		
0x02A2	0x6E01      	MOVWF       R1, 0
;__Lib_MathDouble.c,2146 :: 		
L_end_double2word:
0x02A4	0x0012      	RETURN      0
; end of _double2word
_Mul_32x32_FP:
;__Lib_MathDouble.c,1130 :: 		
;__Lib_MathDouble.c,1148 :: 		
0x02A6	0x6A08      	CLRF        R8, 0
;__Lib_MathDouble.c,1149 :: 		
0x02A8	0x6A09      	CLRF        R9, 0
;__Lib_MathDouble.c,1151 :: 		
0x02AA	0x0E00      	MOVLW       0
;__Lib_MathDouble.c,1152 :: 		
0x02AC	0x6207      	CPFSEQ      R7, 0
;__Lib_MathDouble.c,1153 :: 		
0x02AE	0x6403      	CPFSGT      R3, 0
;__Lib_MathDouble.c,1154 :: 		
0x02B0	0xF001EFD8  	GOTO        MULJPRES032
;__Lib_MathDouble.c,1157 :: 		
0x02B4	0x5002      	MOVF        R2, 0, 0
;__Lib_MathDouble.c,1158 :: 		
0x02B6	0x1806      	XORWF       R6, 0, 0
;__Lib_MathDouble.c,1159 :: 		
0x02B8	0x6E0A      	MOVWF       R10, 0
;__Lib_MathDouble.c,1161 :: 		
0x02BA	0x5007      	MOVF        R7, 0, 0
;__Lib_MathDouble.c,1162 :: 		
0x02BC	0x2603      	ADDWF       R3, 1, 0
;__Lib_MathDouble.c,1163 :: 		
0x02BE	0x0E7E      	MOVLW       126
;__Lib_MathDouble.c,1164 :: 		
0x02C0	0xA0D8      	BTFSS       STATUS, 0, 0
;__Lib_MathDouble.c,1165 :: 		
0x02C2	0xF001EF69  	GOTO        MTUN32
;__Lib_MathDouble.c,1167 :: 		
0x02C6	0x5E03      	SUBWF       R3, 1, 0
;__Lib_MathDouble.c,1168 :: 		
0x02C8	0xB0D8      	BTFSC       STATUS, 0, 0
;__Lib_MathDouble.c,1169 :: 		
0x02CA	0xF001EFDC  	GOTO        MULJPSETFOV32
;__Lib_MathDouble.c,1170 :: 		
0x02CE	0xF001EF6D  	GOTO        MOK32
;__Lib_MathDouble.c,1172 :: 		
MTUN32:
;__Lib_MathDouble.c,1173 :: 		
0x02D2	0x5E03      	SUBWF       R3, 1, 0
;__Lib_MathDouble.c,1174 :: 		
0x02D4	0xA0D8      	BTFSS       STATUS, 0, 0
;__Lib_MathDouble.c,1175 :: 		
0x02D6	0xF001EFE0  	GOTO        MULJPSETFUN32
;__Lib_MathDouble.c,1177 :: 		
MOK32:
;__Lib_MathDouble.c,1178 :: 		
0x02DA	0x8E02      	BSF         R2, 7, 0
;__Lib_MathDouble.c,1179 :: 		
0x02DC	0x8E06      	BSF         R6, 7, 0
;__Lib_MathDouble.c,1181 :: 		
0x02DE	0xF00EC002  	MOVFF       R2, R14
;__Lib_MathDouble.c,1182 :: 		
0x02E2	0xF00BC001  	MOVFF       R1, R11
;__Lib_MathDouble.c,1183 :: 		
0x02E6	0xF00DC000  	MOVFF       R0, R13
;__Lib_MathDouble.c,1185 :: 		
0x02EA	0x5000      	MOVF        R0, 0, 0
;__Lib_MathDouble.c,1186 :: 		
0x02EC	0x0204      	MULWF       R4, 0
;__Lib_MathDouble.c,1187 :: 		
0x02EE	0xF00CCFF4  	MOVFF       PRODH, R12
;__Lib_MathDouble.c,1189 :: 		
0x02F2	0x5001      	MOVF        R1, 0, 0
;__Lib_MathDouble.c,1190 :: 		
0x02F4	0x0205      	MULWF       R5, 0
;__Lib_MathDouble.c,1191 :: 		
0x02F6	0xF000CFF4  	MOVFF       PRODH, R0
;__Lib_MathDouble.c,1192 :: 		
0x02FA	0xF008CFF3  	MOVFF       PRODL, R8
;__Lib_MathDouble.c,1194 :: 		
0x02FE	0x0204      	MULWF       R4, 0
;__Lib_MathDouble.c,1195 :: 		
0x0300	0x50F3      	MOVF        PRODL, 0, 0
;__Lib_MathDouble.c,1196 :: 		
0x0302	0x260C      	ADDWF       R12, 1, 0
;__Lib_MathDouble.c,1197 :: 		
0x0304	0x50F4      	MOVF        PRODH, 0, 0
;__Lib_MathDouble.c,1198 :: 		
0x0306	0x2208      	ADDWFC      R8, 1, 0
;__Lib_MathDouble.c,1199 :: 		
0x0308	0x0E00      	MOVLW       0
;__Lib_MathDouble.c,1200 :: 		
0x030A	0x2200      	ADDWFC      R0, 1, 0
;__Lib_MathDouble.c,1202 :: 		
0x030C	0x500D      	MOVF        R13, 0, 0
;__Lib_MathDouble.c,1203 :: 		
0x030E	0x0205      	MULWF       R5, 0
;__Lib_MathDouble.c,1204 :: 		
0x0310	0x50F3      	MOVF        PRODL, 0, 0
;__Lib_MathDouble.c,1205 :: 		
0x0312	0x260C      	ADDWF       R12, 1, 0
;__Lib_MathDouble.c,1206 :: 		
0x0314	0x50F4      	MOVF        PRODH, 0, 0
;__Lib_MathDouble.c,1207 :: 		
0x0316	0x2208      	ADDWFC      R8, 1, 0
;__Lib_MathDouble.c,1208 :: 		
0x0318	0x0E00      	MOVLW       0
;__Lib_MathDouble.c,1209 :: 		
0x031A	0x2200      	ADDWFC      R0, 1, 0
;__Lib_MathDouble.c,1211 :: 		
0x031C	0x5002      	MOVF        R2, 0, 0
;__Lib_MathDouble.c,1212 :: 		
0x031E	0x0204      	MULWF       R4, 0
;__Lib_MathDouble.c,1213 :: 		
0x0320	0x50F3      	MOVF        PRODL, 0, 0
;__Lib_MathDouble.c,1214 :: 		
0x0322	0x2608      	ADDWF       R8, 1, 0
;__Lib_MathDouble.c,1215 :: 		
0x0324	0x50F4      	MOVF        PRODH, 0, 0
;__Lib_MathDouble.c,1216 :: 		
0x0326	0x2200      	ADDWFC      R0, 1, 0
;__Lib_MathDouble.c,1217 :: 		
0x0328	0x5002      	MOVF        R2, 0, 0
;__Lib_MathDouble.c,1218 :: 		
0x032A	0x0205      	MULWF       R5, 0
;__Lib_MathDouble.c,1219 :: 		
0x032C	0x6A01      	CLRF        R1, 0
;__Lib_MathDouble.c,1220 :: 		
0x032E	0x0E00      	MOVLW       0
;__Lib_MathDouble.c,1221 :: 		
0x0330	0x2201      	ADDWFC      R1, 1, 0
;__Lib_MathDouble.c,1222 :: 		
0x0332	0x50F3      	MOVF        PRODL, 0, 0
;__Lib_MathDouble.c,1223 :: 		
0x0334	0x2600      	ADDWF       R0, 1, 0
;__Lib_MathDouble.c,1224 :: 		
0x0336	0x50F4      	MOVF        PRODH, 0, 0
;__Lib_MathDouble.c,1225 :: 		
0x0338	0x2201      	ADDWFC      R1, 1, 0
;__Lib_MathDouble.c,1227 :: 		
0x033A	0x500D      	MOVF        R13, 0, 0
;__Lib_MathDouble.c,1228 :: 		
0x033C	0x0206      	MULWF       R6, 0
;__Lib_MathDouble.c,1229 :: 		
0x033E	0x50F3      	MOVF        PRODL, 0, 0
;__Lib_MathDouble.c,1230 :: 		
0x0340	0x2608      	ADDWF       R8, 1, 0
;__Lib_MathDouble.c,1231 :: 		
0x0342	0x50F4      	MOVF        PRODH, 0, 0
;__Lib_MathDouble.c,1232 :: 		
0x0344	0x2200      	ADDWFC      R0, 1, 0
;__Lib_MathDouble.c,1233 :: 		
0x0346	0x6A02      	CLRF        R2, 0
;__Lib_MathDouble.c,1234 :: 		
0x0348	0x0E00      	MOVLW       0
;__Lib_MathDouble.c,1235 :: 		
0x034A	0x2201      	ADDWFC      R1, 1, 0
;__Lib_MathDouble.c,1236 :: 		
0x034C	0x2202      	ADDWFC      R2, 1, 0
;__Lib_MathDouble.c,1238 :: 		
0x034E	0x500B      	MOVF        R11, 0, 0
;__Lib_MathDouble.c,1239 :: 		
0x0350	0x0206      	MULWF       R6, 0
;__Lib_MathDouble.c,1240 :: 		
0x0352	0x50F3      	MOVF        PRODL, 0, 0
;__Lib_MathDouble.c,1241 :: 		
0x0354	0x2600      	ADDWF       R0, 1, 0
;__Lib_MathDouble.c,1242 :: 		
0x0356	0x50F4      	MOVF        PRODH, 0, 0
;__Lib_MathDouble.c,1243 :: 		
0x0358	0x2201      	ADDWFC      R1, 1, 0
;__Lib_MathDouble.c,1244 :: 		
0x035A	0x0E00      	MOVLW       0
;__Lib_MathDouble.c,1245 :: 		
0x035C	0x2202      	ADDWFC      R2, 1, 0
;__Lib_MathDouble.c,1247 :: 		
0x035E	0x500E      	MOVF        R14, 0, 0
;__Lib_MathDouble.c,1248 :: 		
0x0360	0x0206      	MULWF       R6, 0
;__Lib_MathDouble.c,1249 :: 		
0x0362	0x50F3      	MOVF        PRODL, 0, 0
;__Lib_MathDouble.c,1250 :: 		
0x0364	0x2601      	ADDWF       R1, 1, 0
;__Lib_MathDouble.c,1251 :: 		
0x0366	0x50F4      	MOVF        PRODH, 0, 0
;__Lib_MathDouble.c,1252 :: 		
0x0368	0x2202      	ADDWFC      R2, 1, 0
;__Lib_MathDouble.c,1254 :: 		
0x036A	0xBE02      	BTFSC       R2, 7, 0
;__Lib_MathDouble.c,1255 :: 		
0x036C	0xF001EFC0  	GOTO        MROUND32
;__Lib_MathDouble.c,1256 :: 		
0x0370	0x3608      	RLCF        R8, 1, 0
;__Lib_MathDouble.c,1257 :: 		
0x0372	0x3600      	RLCF        R0, 1, 0
;__Lib_MathDouble.c,1258 :: 		
0x0374	0x3601      	RLCF        R1, 1, 0
;__Lib_MathDouble.c,1259 :: 		
0x0376	0x3602      	RLCF        R2, 1, 0
;__Lib_MathDouble.c,1260 :: 		
0x0378	0x0603      	DECF        R3, 1, 0
;__Lib_MathDouble.c,1261 :: 		
0x037A	0xB4D8      	BTFSC       STATUS, 2, 0
;__Lib_MathDouble.c,1262 :: 		
0x037C	0xF001EFE0  	GOTO        MULJPSETFUN32
;__Lib_MathDouble.c,1264 :: 		
MROUND32:
;__Lib_MathDouble.c,1267 :: 		
0x0380	0xF001EFD3  	GOTO        MUL32OK
;__Lib_MathDouble.c,1268 :: 		
0x0384	0x80D8      	BSF         STATUS, 0, 0
;__Lib_MathDouble.c,1269 :: 		
0x0386	0x0E80      	MOVLW       128
;__Lib_MathDouble.c,1270 :: 		
0x0388	0x6408      	CPFSGT      R8, 0
;__Lib_MathDouble.c,1271 :: 		
0x038A	0x3000      	RRCF        R0, 0, 0
;__Lib_MathDouble.c,1272 :: 		
0x038C	0x0E00      	MOVLW       0
;__Lib_MathDouble.c,1273 :: 		
0x038E	0x2200      	ADDWFC      R0, 1, 0
;__Lib_MathDouble.c,1274 :: 		
0x0390	0x2201      	ADDWFC      R1, 1, 0
;__Lib_MathDouble.c,1275 :: 		
0x0392	0x2202      	ADDWFC      R2, 1, 0
;__Lib_MathDouble.c,1277 :: 		
0x0394	0xA0D8      	BTFSS       STATUS, 0, 0
;__Lib_MathDouble.c,1278 :: 		
0x0396	0xF001EFD3  	GOTO        MUL32OK
;__Lib_MathDouble.c,1279 :: 		
0x039A	0x3202      	RRCF        R2, 1, 0
;__Lib_MathDouble.c,1280 :: 		
0x039C	0x3201      	RRCF        R1, 1, 0
;__Lib_MathDouble.c,1281 :: 		
0x039E	0x3200      	RRCF        R0, 1, 0
;__Lib_MathDouble.c,1282 :: 		
0x03A0	0x4A03      	INFSNZ      R3, 1, 0
;__Lib_MathDouble.c,1283 :: 		
0x03A2	0xF001EFDC  	GOTO        MULJPSETFOV32
;__Lib_MathDouble.c,1285 :: 		
MUL32OK:
;__Lib_MathDouble.c,1286 :: 		
0x03A6	0xAE0A      	BTFSS       R10, 7, 0
;__Lib_MathDouble.c,1287 :: 		
0x03A8	0x9E02      	BCF         R2, 7, 0
;__Lib_MathDouble.c,1289 :: 		
0x03AA	0x0E00      	MOVLW       0
;__Lib_MathDouble.c,1290 :: 		
0x03AC	0xF001EFE2  	GOTO        MULEEE
;__Lib_MathDouble.c,1291 :: 		
MULJPRES032:
;__Lib_MathDouble.c,1292 :: 		
0x03B0	0x0E01      	MOVLW       1
;__Lib_MathDouble.c,1295 :: 		
0x03B2	0xDE45      	RCALL       _RES032
;__Lib_MathDouble.c,1297 :: 		
0x03B4	0xF001EFE2  	GOTO        MULEEE
;__Lib_MathDouble.c,1298 :: 		
MULJPSETFOV32:
;__Lib_MathDouble.c,1299 :: 		
0x03B8	0x0E02      	MOVLW       2
;__Lib_MathDouble.c,1302 :: 		
0x03BA	0xDE87      	RCALL       _SETFOV32
;__Lib_MathDouble.c,1304 :: 		
0x03BC	0xF001EFE2  	GOTO        MULEEE
;__Lib_MathDouble.c,1305 :: 		
MULJPSETFUN32:
;__Lib_MathDouble.c,1306 :: 		
0x03C0	0x0E04      	MOVLW       4
;__Lib_MathDouble.c,1309 :: 		
0x03C2	0xDE30      	RCALL       _SETFUN32
;__Lib_MathDouble.c,1311 :: 		
MULEEE:
;__Lib_MathDouble.c,1318 :: 		
L_end_Mul_32x32_FP:
0x03C4	0x0012      	RETURN      0
; end of _Mul_32x32_FP
_ADC_Read:
;__Lib_ADC_K22_B.c,70 :: 		
;__Lib_ADC_K22_B.c,73 :: 		
0x03C6	0x6AC2      	CLRF        ADCON0 
;__Lib_ADC_K22_B.c,74 :: 		
0x03C8	0x1C19      	COMF        _vref_mask, 0 
0x03CA	0x6E00      	MOVWF       R0 
0x03CC	0x5000      	MOVF        R0, 0 
0x03CE	0x16C1      	ANDWF       ADCON1, 1 
;__Lib_ADC_K22_B.c,75 :: 		
0x03D0	0x0E0F      	MOVLW       15
0x03D2	0x12C0      	IORWF       ADCON2, 1 
;__Lib_ADC_K22_B.c,76 :: 		
0x03D4	0x8EC0      	BSF         ADCON2, 7 
;__Lib_ADC_K22_B.c,77 :: 		
0x03D6	0xF000C026  	MOVFF       FARG_ADC_Read_channel, R0
0x03DA	0x3600      	RLCF        R0, 1 
0x03DC	0x9000      	BCF         R0, 0 
0x03DE	0x3600      	RLCF        R0, 1 
0x03E0	0x9000      	BCF         R0, 0 
0x03E2	0x5000      	MOVF        R0, 0 
0x03E4	0x12C2      	IORWF       ADCON0, 1 
;__Lib_ADC_K22_B.c,78 :: 		
0x03E6	0x80C2      	BSF         ADCON0, 0 
;__Lib_ADC_K22_B.c,79 :: 		
0x03E8	0xDE31      	RCALL       _Delay_22us
;__Lib_ADC_K22_B.c,80 :: 		
0x03EA	0x82C2      	BSF         ADCON0, 1 
;__Lib_ADC_K22_B.c,81 :: 		
L_ADC_Read7:
0x03EC	0xA2C2      	BTFSS       ADCON0, 1 
0x03EE	0xD001      	BRA         L_ADC_Read8
;__Lib_ADC_K22_B.c,82 :: 		
0x03F0	0xD7FD      	BRA         L_ADC_Read7
L_ADC_Read8:
;__Lib_ADC_K22_B.c,83 :: 		
0x03F2	0xF001CFC4  	MOVFF       ADRESH, R1
0x03F6	0x6A00      	CLRF        R0 
0x03F8	0xF027C000  	MOVFF       R0, ADC_Read_rslt_L0
0x03FC	0xF028C001  	MOVFF       R1, ADC_Read_rslt_L0+1
;__Lib_ADC_K22_B.c,84 :: 		
0x0400	0x50C3      	MOVF        ADRESL, 0 
0x0402	0x1200      	IORWF       R0, 1 
0x0404	0x0E00      	MOVLW       0
0x0406	0x1201      	IORWF       R1, 1 
0x0408	0xF027C000  	MOVFF       R0, ADC_Read_rslt_L0
0x040C	0xF028C001  	MOVFF       R1, ADC_Read_rslt_L0+1
;__Lib_ADC_K22_B.c,85 :: 		
0x0410	0x90C2      	BCF         ADCON0, 0 
;__Lib_ADC_K22_B.c,86 :: 		
0x0412	0x0E00      	MOVLW       0
0x0414	0x1400      	ANDWF       R0, 0 
0x0416	0x6E02      	MOVWF       R2 
0x0418	0x5001      	MOVF        R1, 0 
0x041A	0x0B80      	ANDLW       128
0x041C	0x6E03      	MOVWF       R3 
0x041E	0x0E00      	MOVLW       0
0x0420	0x1803      	XORWF       R3, 0 
0x0422	0xE102      	BNZ         L__ADC_Read15
0x0424	0x0E00      	MOVLW       0
0x0426	0x1802      	XORWF       R2, 0 
L__ADC_Read15:
0x0428	0xE002      	BZ          L_ADC_Read9
;__Lib_ADC_K22_B.c,87 :: 		
0x042A	0x6A27      	CLRF        ADC_Read_rslt_L0 
0x042C	0x6A28      	CLRF        ADC_Read_rslt_L0+1 
L_ADC_Read9:
;__Lib_ADC_K22_B.c,88 :: 		
0x042E	0xF000C027  	MOVFF       ADC_Read_rslt_L0, R0
0x0432	0xF001C028  	MOVFF       ADC_Read_rslt_L0+1, R1
;__Lib_ADC_K22_B.c,89 :: 		
L_end_ADC_Read:
0x0436	0x0012      	RETURN      0
; end of _ADC_Read
_word2double:
;__Lib_MathDouble.c,2335 :: 		
;__Lib_MathDouble.c,2344 :: 		
0x0438	0x5000      	MOVF        R0, 0, 0
;__Lib_MathDouble.c,2345 :: 		
0x043A	0x6E08      	MOVWF       R8, 0
;__Lib_MathDouble.c,2346 :: 		
0x043C	0x5001      	MOVF        R1, 0, 0
;__Lib_MathDouble.c,2347 :: 		
0x043E	0x6E00      	MOVWF       R0, 0
;__Lib_MathDouble.c,2348 :: 		
0x0440	0x6A01      	CLRF        R1, 0
;__Lib_MathDouble.c,2349 :: 		
0x0442	0x6A02      	CLRF        R2, 0
;__Lib_MathDouble.c,2350 :: 		
0x0444	0x6A03      	CLRF        R3, 0
;__Lib_MathDouble.c,2353 :: 		
0x0446	0x6A0B      	CLRF        R11, 0
;__Lib_MathDouble.c,2354 :: 		
0x0448	0x6A0C      	CLRF        R12, 0
;__Lib_MathDouble.c,2356 :: 		
0x044A	0x0E96      	MOVLW       150
;__Lib_MathDouble.c,2357 :: 		
0x044C	0x6E03      	MOVWF       R3, 0
;__Lib_MathDouble.c,2358 :: 		
0x044E	0x6A0A      	CLRF        R10, 0
;__Lib_MathDouble.c,2360 :: 		
0x0450	0xF001C000  	MOVFF       R0, R1
;__Lib_MathDouble.c,2361 :: 		
0x0454	0xF000C008  	MOVFF       R8, R0
;__Lib_MathDouble.c,2362 :: 		
0x0458	0x6A08      	CLRF        R8, 0
;__Lib_MathDouble.c,2363 :: 		
0x045A	0x6A02      	CLRF        R2, 0
;__Lib_MathDouble.c,2365 :: 		
0x045C	0xDDFD      	RCALL       _NRM3232
;__Lib_MathDouble.c,2366 :: 		
L_end_word2double:
0x045E	0x0012      	RETURN      0
; end of _word2double
_pin_config:
;Codigo_certo.c,41 :: 		void pin_config(){
;Codigo_certo.c,46 :: 		trisa.ra0 = 1;   //define como entrada(1) ou saída(0)
0x0460	0x8092      	BSF         TRISA, 0 
;Codigo_certo.c,47 :: 		porta.ra0 = 0;   //situação atual, desligado(0) ou ligado(1)
0x0462	0x9080      	BCF         PORTA, 0 
;Codigo_certo.c,50 :: 		trisa.ra1 = 1;
0x0464	0x8292      	BSF         TRISA, 1 
;Codigo_certo.c,51 :: 		porta.ra1 = 0;
0x0466	0x9280      	BCF         PORTA, 1 
;Codigo_certo.c,54 :: 		trisa.ra2 = 1;
0x0468	0x8492      	BSF         TRISA, 2 
;Codigo_certo.c,55 :: 		porta.ra2 = 0;
0x046A	0x9480      	BCF         PORTA, 2 
;Codigo_certo.c,58 :: 		trisa.ra3 = 1;
0x046C	0x8692      	BSF         TRISA, 3 
;Codigo_certo.c,59 :: 		porta.ra3 = 0;
0x046E	0x9680      	BCF         PORTA, 3 
;Codigo_certo.c,64 :: 		trisb.rb0 = 0;
0x0470	0x9093      	BCF         TRISB, 0 
;Codigo_certo.c,65 :: 		motor_y1 = 0;
0x0472	0x9081      	BCF         PORTB, 0 
;Codigo_certo.c,68 :: 		trisb.rb1 = 0;
0x0474	0x9293      	BCF         TRISB, 1 
;Codigo_certo.c,69 :: 		motor_y2 = 0;
0x0476	0x9281      	BCF         PORTB, 1 
;Codigo_certo.c,72 :: 		trisb.rb2 = 0;
0x0478	0x9493      	BCF         TRISB, 2 
;Codigo_certo.c,73 :: 		motor_y3 = 0;
0x047A	0x9481      	BCF         PORTB, 2 
;Codigo_certo.c,76 :: 		trisb.rb3 = 0;
0x047C	0x9693      	BCF         TRISB, 3 
;Codigo_certo.c,77 :: 		motor_y4 = 0;
0x047E	0x9681      	BCF         PORTB, 3 
;Codigo_certo.c,82 :: 		trisb.rb4 = 0;
0x0480	0x9893      	BCF         TRISB, 4 
;Codigo_certo.c,83 :: 		motor_x1 = 0;
0x0482	0x9881      	BCF         PORTB, 4 
;Codigo_certo.c,86 :: 		trisb.rb5 = 0;
0x0484	0x9A93      	BCF         TRISB, 5 
;Codigo_certo.c,87 :: 		motor_x2 = 0;
0x0486	0x9A81      	BCF         PORTB, 5 
;Codigo_certo.c,90 :: 		trisb.rb6 = 0;
0x0488	0x9C93      	BCF         TRISB, 6 
;Codigo_certo.c,91 :: 		motor_x3 = 0;
0x048A	0x9C81      	BCF         PORTB, 6 
;Codigo_certo.c,94 :: 		trisb.rb7 = 0;
0x048C	0x9E93      	BCF         TRISB, 7 
;Codigo_certo.c,95 :: 		motor_x4 = 0;
0x048E	0x9E81      	BCF         PORTB, 7 
;Codigo_certo.c,97 :: 		anselb = 0;
0x0490	0x010F      	MOVLB       15
0x0492	0x6B39      	CLRF        ANSELB, 1
;Codigo_certo.c,98 :: 		}
L_end_pin_config:
0x0494	0x0012      	RETURN      0
; end of _pin_config
___CC2DW:
;__Lib_System.c,21 :: 		
;__Lib_System.c,23 :: 		
_CC2DL_Loop1:
;__Lib_System.c,24 :: 		
0x0496	0x0009      	TBLRD*+
;__Lib_System.c,25 :: 		
0x0498	0xFFE6CFF5  	MOVFF       TABLAT, POSTINC1
;__Lib_System.c,26 :: 		
0x049C	0x0600      	DECF        R0, 1, 0
;__Lib_System.c,27 :: 		
0x049E	0xE1FB      	BNZ         _CC2DL_Loop1
;__Lib_System.c,28 :: 		
0x04A0	0x0601      	DECF        R1, 1, 0
;__Lib_System.c,29 :: 		
0x04A2	0xE1F9      	BNZ         _CC2DL_Loop1
;__Lib_System.c,31 :: 		
L_end___CC2DW:
0x04A4	0x0012      	RETURN      0
; end of ___CC2DW
_ADC_Init:
;__Lib_ADC_K22_B.c,23 :: 		
;__Lib_ADC_K22_B.c,24 :: 		
0x04A6	0x0EFF      	MOVLW       _ADC_Get_Sample
0x04A8	0x6E1A      	MOVWF       _ADC_Get_Sample_Ptr 
0x04AA	0x0EFF      	MOVLW       hi_addr(_ADC_Get_Sample)
0x04AC	0x6E1B      	MOVWF       _ADC_Get_Sample_Ptr+1 
0x04AE	0x0EFF      	MOVLW       FARG_ADC_Get_Sample_channel
0x04B0	0x6E1C      	MOVWF       _ADC_Get_Sample_Ptr+2 
0x04B2	0x0EFF      	MOVLW       hi_addr(FARG_ADC_Get_Sample_channel)
0x04B4	0x6E1D      	MOVWF       _ADC_Get_Sample_Ptr+3 
;__Lib_ADC_K22_B.c,26 :: 		
0x04B6	0x6AC2      	CLRF        ADCON0 
;__Lib_ADC_K22_B.c,27 :: 		
0x04B8	0x1C19      	COMF        _vref_mask, 0 
0x04BA	0x6E00      	MOVWF       R0 
0x04BC	0x5000      	MOVF        R0, 0 
0x04BE	0x16C1      	ANDWF       ADCON1, 1 
;__Lib_ADC_K22_B.c,28 :: 		
0x04C0	0x0E0F      	MOVLW       15
0x04C2	0x12C0      	IORWF       ADCON2, 1 
;__Lib_ADC_K22_B.c,29 :: 		
0x04C4	0x8EC0      	BSF         ADCON2, 7 
;__Lib_ADC_K22_B.c,30 :: 		
0x04C6	0x80C2      	BSF         ADCON0, 0 
;__Lib_ADC_K22_B.c,31 :: 		
L_end_ADC_Init:
0x04C8	0x0012      	RETURN      0
; end of _ADC_Init
_motor:
;Codigo_certo.c,137 :: 		void motor(posicao_x){
;Codigo_certo.c,141 :: 		if(posicao_x == 0){
0x04CA	0x0E00      	MOVLW       0
0x04CC	0x1818      	XORWF       _posicao_x+1, 0 
0x04CE	0xE102      	BNZ         L__motor90
0x04D0	0x0E00      	MOVLW       0
0x04D2	0x1817      	XORWF       _posicao_x, 0 
L__motor90:
0x04D4	0xE112      	BNZ         L_motor36
;Codigo_certo.c,142 :: 		motor_x1 = 0;
0x04D6	0x9881      	BCF         PORTB, 4 
;Codigo_certo.c,143 :: 		motor_x2 = 0;
0x04D8	0x9A81      	BCF         PORTB, 5 
;Codigo_certo.c,144 :: 		motor_x3 = 0;
0x04DA	0x9C81      	BCF         PORTB, 6 
;Codigo_certo.c,145 :: 		motor_x4 = 0;
0x04DC	0x9E81      	BCF         PORTB, 7 
;Codigo_certo.c,146 :: 		motor_x1 = 1;
0x04DE	0x8881      	BSF         PORTB, 4 
;Codigo_certo.c,147 :: 		motor_x3 = 1;
0x04E0	0x8C81      	BSF         PORTB, 6 
;Codigo_certo.c,148 :: 		delay_ms(temp);
0x04E2	0x0E03      	MOVLW       3
0x04E4	0x6E0B      	MOVWF       R11, 0
0x04E6	0x0E08      	MOVLW       8
0x04E8	0x6E0C      	MOVWF       R12, 0
0x04EA	0x0E77      	MOVLW       119
0x04EC	0x6E0D      	MOVWF       R13, 0
L_motor37:
0x04EE	0x2E0D      	DECFSZ      R13, 1, 0
0x04F0	0xD7FE      	BRA         L_motor37
0x04F2	0x2E0C      	DECFSZ      R12, 1, 0
0x04F4	0xD7FC      	BRA         L_motor37
0x04F6	0x2E0B      	DECFSZ      R11, 1, 0
0x04F8	0xD7FA      	BRA         L_motor37
;Codigo_certo.c,149 :: 		}
L_motor36:
;Codigo_certo.c,150 :: 		if(posicao_x == 1){
0x04FA	0x0E00      	MOVLW       0
0x04FC	0x1818      	XORWF       _posicao_x+1, 0 
0x04FE	0xE102      	BNZ         L__motor91
0x0500	0x0E01      	MOVLW       1
0x0502	0x1817      	XORWF       _posicao_x, 0 
L__motor91:
0x0504	0xE111      	BNZ         L_motor38
;Codigo_certo.c,151 :: 		motor_x1 = 0;
0x0506	0x9881      	BCF         PORTB, 4 
;Codigo_certo.c,152 :: 		motor_x2 = 0;
0x0508	0x9A81      	BCF         PORTB, 5 
;Codigo_certo.c,153 :: 		motor_x3 = 0;
0x050A	0x9C81      	BCF         PORTB, 6 
;Codigo_certo.c,154 :: 		motor_x4 = 0;
0x050C	0x9E81      	BCF         PORTB, 7 
;Codigo_certo.c,155 :: 		motor_x1 = 1;
0x050E	0x8881      	BSF         PORTB, 4 
;Codigo_certo.c,156 :: 		delay_ms(temp);
0x0510	0x0E03      	MOVLW       3
0x0512	0x6E0B      	MOVWF       R11, 0
0x0514	0x0E08      	MOVLW       8
0x0516	0x6E0C      	MOVWF       R12, 0
0x0518	0x0E77      	MOVLW       119
0x051A	0x6E0D      	MOVWF       R13, 0
L_motor39:
0x051C	0x2E0D      	DECFSZ      R13, 1, 0
0x051E	0xD7FE      	BRA         L_motor39
0x0520	0x2E0C      	DECFSZ      R12, 1, 0
0x0522	0xD7FC      	BRA         L_motor39
0x0524	0x2E0B      	DECFSZ      R11, 1, 0
0x0526	0xD7FA      	BRA         L_motor39
;Codigo_certo.c,157 :: 		}
L_motor38:
;Codigo_certo.c,158 :: 		if(posicao_x == 2){
0x0528	0x0E00      	MOVLW       0
0x052A	0x1818      	XORWF       _posicao_x+1, 0 
0x052C	0xE102      	BNZ         L__motor92
0x052E	0x0E02      	MOVLW       2
0x0530	0x1817      	XORWF       _posicao_x, 0 
L__motor92:
0x0532	0xE112      	BNZ         L_motor40
;Codigo_certo.c,159 :: 		motor_x1 = 0;
0x0534	0x9881      	BCF         PORTB, 4 
;Codigo_certo.c,160 :: 		motor_x2 = 0;
0x0536	0x9A81      	BCF         PORTB, 5 
;Codigo_certo.c,161 :: 		motor_x3 = 0;
0x0538	0x9C81      	BCF         PORTB, 6 
;Codigo_certo.c,162 :: 		motor_x4 = 0;
0x053A	0x9E81      	BCF         PORTB, 7 
;Codigo_certo.c,163 :: 		motor_x1 = 1;
0x053C	0x8881      	BSF         PORTB, 4 
;Codigo_certo.c,164 :: 		motor_x2 = 1;
0x053E	0x8A81      	BSF         PORTB, 5 
;Codigo_certo.c,165 :: 		delay_ms(temp);
0x0540	0x0E03      	MOVLW       3
0x0542	0x6E0B      	MOVWF       R11, 0
0x0544	0x0E08      	MOVLW       8
0x0546	0x6E0C      	MOVWF       R12, 0
0x0548	0x0E77      	MOVLW       119
0x054A	0x6E0D      	MOVWF       R13, 0
L_motor41:
0x054C	0x2E0D      	DECFSZ      R13, 1, 0
0x054E	0xD7FE      	BRA         L_motor41
0x0550	0x2E0C      	DECFSZ      R12, 1, 0
0x0552	0xD7FC      	BRA         L_motor41
0x0554	0x2E0B      	DECFSZ      R11, 1, 0
0x0556	0xD7FA      	BRA         L_motor41
;Codigo_certo.c,166 :: 		}
L_motor40:
;Codigo_certo.c,167 :: 		if(posicao_x == 3){
0x0558	0x0E00      	MOVLW       0
0x055A	0x1818      	XORWF       _posicao_x+1, 0 
0x055C	0xE102      	BNZ         L__motor93
0x055E	0x0E03      	MOVLW       3
0x0560	0x1817      	XORWF       _posicao_x, 0 
L__motor93:
0x0562	0xE111      	BNZ         L_motor42
;Codigo_certo.c,168 :: 		motor_x1 = 0;
0x0564	0x9881      	BCF         PORTB, 4 
;Codigo_certo.c,169 :: 		motor_x2 = 0;
0x0566	0x9A81      	BCF         PORTB, 5 
;Codigo_certo.c,170 :: 		motor_x3 = 0;
0x0568	0x9C81      	BCF         PORTB, 6 
;Codigo_certo.c,171 :: 		motor_x4 = 0;
0x056A	0x9E81      	BCF         PORTB, 7 
;Codigo_certo.c,172 :: 		motor_x2 = 1;
0x056C	0x8A81      	BSF         PORTB, 5 
;Codigo_certo.c,173 :: 		delay_ms(temp);
0x056E	0x0E03      	MOVLW       3
0x0570	0x6E0B      	MOVWF       R11, 0
0x0572	0x0E08      	MOVLW       8
0x0574	0x6E0C      	MOVWF       R12, 0
0x0576	0x0E77      	MOVLW       119
0x0578	0x6E0D      	MOVWF       R13, 0
L_motor43:
0x057A	0x2E0D      	DECFSZ      R13, 1, 0
0x057C	0xD7FE      	BRA         L_motor43
0x057E	0x2E0C      	DECFSZ      R12, 1, 0
0x0580	0xD7FC      	BRA         L_motor43
0x0582	0x2E0B      	DECFSZ      R11, 1, 0
0x0584	0xD7FA      	BRA         L_motor43
;Codigo_certo.c,174 :: 		}
L_motor42:
;Codigo_certo.c,175 :: 		if(posicao_x == 4){
0x0586	0x0E00      	MOVLW       0
0x0588	0x1818      	XORWF       _posicao_x+1, 0 
0x058A	0xE102      	BNZ         L__motor94
0x058C	0x0E04      	MOVLW       4
0x058E	0x1817      	XORWF       _posicao_x, 0 
L__motor94:
0x0590	0xE112      	BNZ         L_motor44
;Codigo_certo.c,176 :: 		motor_x1 = 0;
0x0592	0x9881      	BCF         PORTB, 4 
;Codigo_certo.c,177 :: 		motor_x2 = 0;
0x0594	0x9A81      	BCF         PORTB, 5 
;Codigo_certo.c,178 :: 		motor_x3 = 0;
0x0596	0x9C81      	BCF         PORTB, 6 
;Codigo_certo.c,179 :: 		motor_x4 = 0;
0x0598	0x9E81      	BCF         PORTB, 7 
;Codigo_certo.c,180 :: 		motor_x2 = 1;
0x059A	0x8A81      	BSF         PORTB, 5 
;Codigo_certo.c,181 :: 		motor_x4 = 1;
0x059C	0x8E81      	BSF         PORTB, 7 
;Codigo_certo.c,182 :: 		delay_ms(temp);
0x059E	0x0E03      	MOVLW       3
0x05A0	0x6E0B      	MOVWF       R11, 0
0x05A2	0x0E08      	MOVLW       8
0x05A4	0x6E0C      	MOVWF       R12, 0
0x05A6	0x0E77      	MOVLW       119
0x05A8	0x6E0D      	MOVWF       R13, 0
L_motor45:
0x05AA	0x2E0D      	DECFSZ      R13, 1, 0
0x05AC	0xD7FE      	BRA         L_motor45
0x05AE	0x2E0C      	DECFSZ      R12, 1, 0
0x05B0	0xD7FC      	BRA         L_motor45
0x05B2	0x2E0B      	DECFSZ      R11, 1, 0
0x05B4	0xD7FA      	BRA         L_motor45
;Codigo_certo.c,183 :: 		}
L_motor44:
;Codigo_certo.c,187 :: 		if(posicao_y == 0){
0x05B6	0x0E00      	MOVLW       0
0x05B8	0x1816      	XORWF       _posicao_y+1, 0 
0x05BA	0xE102      	BNZ         L__motor95
0x05BC	0x0E00      	MOVLW       0
0x05BE	0x1815      	XORWF       _posicao_y, 0 
L__motor95:
0x05C0	0xE112      	BNZ         L_motor46
;Codigo_certo.c,188 :: 		motor_y1 = 0;
0x05C2	0x9081      	BCF         PORTB, 0 
;Codigo_certo.c,189 :: 		motor_y2 = 0;
0x05C4	0x9281      	BCF         PORTB, 1 
;Codigo_certo.c,190 :: 		motor_y3 = 0;
0x05C6	0x9481      	BCF         PORTB, 2 
;Codigo_certo.c,191 :: 		motor_y4 = 0;
0x05C8	0x9681      	BCF         PORTB, 3 
;Codigo_certo.c,192 :: 		motor_y1 = 1;
0x05CA	0x8081      	BSF         PORTB, 0 
;Codigo_certo.c,193 :: 		motor_y3 = 1;
0x05CC	0x8481      	BSF         PORTB, 2 
;Codigo_certo.c,194 :: 		delay_ms(temp);
0x05CE	0x0E03      	MOVLW       3
0x05D0	0x6E0B      	MOVWF       R11, 0
0x05D2	0x0E08      	MOVLW       8
0x05D4	0x6E0C      	MOVWF       R12, 0
0x05D6	0x0E77      	MOVLW       119
0x05D8	0x6E0D      	MOVWF       R13, 0
L_motor47:
0x05DA	0x2E0D      	DECFSZ      R13, 1, 0
0x05DC	0xD7FE      	BRA         L_motor47
0x05DE	0x2E0C      	DECFSZ      R12, 1, 0
0x05E0	0xD7FC      	BRA         L_motor47
0x05E2	0x2E0B      	DECFSZ      R11, 1, 0
0x05E4	0xD7FA      	BRA         L_motor47
;Codigo_certo.c,195 :: 		}
L_motor46:
;Codigo_certo.c,196 :: 		if(posicao_y == 1){
0x05E6	0x0E00      	MOVLW       0
0x05E8	0x1816      	XORWF       _posicao_y+1, 0 
0x05EA	0xE102      	BNZ         L__motor96
0x05EC	0x0E01      	MOVLW       1
0x05EE	0x1815      	XORWF       _posicao_y, 0 
L__motor96:
0x05F0	0xE111      	BNZ         L_motor48
;Codigo_certo.c,197 :: 		motor_y1 = 0;
0x05F2	0x9081      	BCF         PORTB, 0 
;Codigo_certo.c,198 :: 		motor_y2 = 0;
0x05F4	0x9281      	BCF         PORTB, 1 
;Codigo_certo.c,199 :: 		motor_y3 = 0;
0x05F6	0x9481      	BCF         PORTB, 2 
;Codigo_certo.c,200 :: 		motor_y4 = 0;
0x05F8	0x9681      	BCF         PORTB, 3 
;Codigo_certo.c,201 :: 		motor_y1 = 1;
0x05FA	0x8081      	BSF         PORTB, 0 
;Codigo_certo.c,202 :: 		delay_ms(temp);
0x05FC	0x0E03      	MOVLW       3
0x05FE	0x6E0B      	MOVWF       R11, 0
0x0600	0x0E08      	MOVLW       8
0x0602	0x6E0C      	MOVWF       R12, 0
0x0604	0x0E77      	MOVLW       119
0x0606	0x6E0D      	MOVWF       R13, 0
L_motor49:
0x0608	0x2E0D      	DECFSZ      R13, 1, 0
0x060A	0xD7FE      	BRA         L_motor49
0x060C	0x2E0C      	DECFSZ      R12, 1, 0
0x060E	0xD7FC      	BRA         L_motor49
0x0610	0x2E0B      	DECFSZ      R11, 1, 0
0x0612	0xD7FA      	BRA         L_motor49
;Codigo_certo.c,203 :: 		}
L_motor48:
;Codigo_certo.c,204 :: 		if(posicao_y == 2){
0x0614	0x0E00      	MOVLW       0
0x0616	0x1816      	XORWF       _posicao_y+1, 0 
0x0618	0xE102      	BNZ         L__motor97
0x061A	0x0E02      	MOVLW       2
0x061C	0x1815      	XORWF       _posicao_y, 0 
L__motor97:
0x061E	0xE112      	BNZ         L_motor50
;Codigo_certo.c,205 :: 		motor_y1 = 0;
0x0620	0x9081      	BCF         PORTB, 0 
;Codigo_certo.c,206 :: 		motor_y2 = 0;
0x0622	0x9281      	BCF         PORTB, 1 
;Codigo_certo.c,207 :: 		motor_y3 = 0;
0x0624	0x9481      	BCF         PORTB, 2 
;Codigo_certo.c,208 :: 		motor_y4 = 0;
0x0626	0x9681      	BCF         PORTB, 3 
;Codigo_certo.c,209 :: 		motor_y1 = 1;
0x0628	0x8081      	BSF         PORTB, 0 
;Codigo_certo.c,210 :: 		motor_y2 = 1;
0x062A	0x8281      	BSF         PORTB, 1 
;Codigo_certo.c,211 :: 		delay_ms(temp);
0x062C	0x0E03      	MOVLW       3
0x062E	0x6E0B      	MOVWF       R11, 0
0x0630	0x0E08      	MOVLW       8
0x0632	0x6E0C      	MOVWF       R12, 0
0x0634	0x0E77      	MOVLW       119
0x0636	0x6E0D      	MOVWF       R13, 0
L_motor51:
0x0638	0x2E0D      	DECFSZ      R13, 1, 0
0x063A	0xD7FE      	BRA         L_motor51
0x063C	0x2E0C      	DECFSZ      R12, 1, 0
0x063E	0xD7FC      	BRA         L_motor51
0x0640	0x2E0B      	DECFSZ      R11, 1, 0
0x0642	0xD7FA      	BRA         L_motor51
;Codigo_certo.c,212 :: 		}
L_motor50:
;Codigo_certo.c,213 :: 		if(posicao_y == 3){
0x0644	0x0E00      	MOVLW       0
0x0646	0x1816      	XORWF       _posicao_y+1, 0 
0x0648	0xE102      	BNZ         L__motor98
0x064A	0x0E03      	MOVLW       3
0x064C	0x1815      	XORWF       _posicao_y, 0 
L__motor98:
0x064E	0xE111      	BNZ         L_motor52
;Codigo_certo.c,214 :: 		motor_y1 = 0;
0x0650	0x9081      	BCF         PORTB, 0 
;Codigo_certo.c,215 :: 		motor_y2 = 0;
0x0652	0x9281      	BCF         PORTB, 1 
;Codigo_certo.c,216 :: 		motor_y3 = 0;
0x0654	0x9481      	BCF         PORTB, 2 
;Codigo_certo.c,217 :: 		motor_y4 = 0;
0x0656	0x9681      	BCF         PORTB, 3 
;Codigo_certo.c,218 :: 		motor_y2 = 1;
0x0658	0x8281      	BSF         PORTB, 1 
;Codigo_certo.c,219 :: 		delay_ms(temp);
0x065A	0x0E03      	MOVLW       3
0x065C	0x6E0B      	MOVWF       R11, 0
0x065E	0x0E08      	MOVLW       8
0x0660	0x6E0C      	MOVWF       R12, 0
0x0662	0x0E77      	MOVLW       119
0x0664	0x6E0D      	MOVWF       R13, 0
L_motor53:
0x0666	0x2E0D      	DECFSZ      R13, 1, 0
0x0668	0xD7FE      	BRA         L_motor53
0x066A	0x2E0C      	DECFSZ      R12, 1, 0
0x066C	0xD7FC      	BRA         L_motor53
0x066E	0x2E0B      	DECFSZ      R11, 1, 0
0x0670	0xD7FA      	BRA         L_motor53
;Codigo_certo.c,220 :: 		}
L_motor52:
;Codigo_certo.c,221 :: 		if(posicao_y == 4){
0x0672	0x0E00      	MOVLW       0
0x0674	0x1816      	XORWF       _posicao_y+1, 0 
0x0676	0xE102      	BNZ         L__motor99
0x0678	0x0E04      	MOVLW       4
0x067A	0x1815      	XORWF       _posicao_y, 0 
L__motor99:
0x067C	0xE112      	BNZ         L_motor54
;Codigo_certo.c,222 :: 		motor_y1 = 0;
0x067E	0x9081      	BCF         PORTB, 0 
;Codigo_certo.c,223 :: 		motor_y2 = 0;
0x0680	0x9281      	BCF         PORTB, 1 
;Codigo_certo.c,224 :: 		motor_y3 = 0;
0x0682	0x9481      	BCF         PORTB, 2 
;Codigo_certo.c,225 :: 		motor_y4 = 0;
0x0684	0x9681      	BCF         PORTB, 3 
;Codigo_certo.c,226 :: 		motor_y2 = 1;
0x0686	0x8281      	BSF         PORTB, 1 
;Codigo_certo.c,227 :: 		motor_y4 = 1;
0x0688	0x8681      	BSF         PORTB, 3 
;Codigo_certo.c,228 :: 		delay_ms(temp);
0x068A	0x0E03      	MOVLW       3
0x068C	0x6E0B      	MOVWF       R11, 0
0x068E	0x0E08      	MOVLW       8
0x0690	0x6E0C      	MOVWF       R12, 0
0x0692	0x0E77      	MOVLW       119
0x0694	0x6E0D      	MOVWF       R13, 0
L_motor55:
0x0696	0x2E0D      	DECFSZ      R13, 1, 0
0x0698	0xD7FE      	BRA         L_motor55
0x069A	0x2E0C      	DECFSZ      R12, 1, 0
0x069C	0xD7FC      	BRA         L_motor55
0x069E	0x2E0B      	DECFSZ      R11, 1, 0
0x06A0	0xD7FA      	BRA         L_motor55
;Codigo_certo.c,229 :: 		}
L_motor54:
;Codigo_certo.c,230 :: 		}
L_end_motor:
0x06A2	0x0012      	RETURN      0
; end of _motor
_sensor:
;Codigo_certo.c,100 :: 		void sensor(){
;Codigo_certo.c,104 :: 		if(LDR_1 < LDR_2 && LDR_3 < LDR_4){
0x06A4	0x501F      	MOVF        _LDR_2+1, 0 
0x06A6	0x5C21      	SUBWF       _LDR_1+1, 0 
0x06A8	0xE102      	BNZ         L__sensor73
0x06AA	0x501E      	MOVF        _LDR_2, 0 
0x06AC	0x5C20      	SUBWF       _LDR_1, 0 
L__sensor73:
0x06AE	0xE24C      	BC          L_sensor2
0x06B0	0x5023      	MOVF        _LDR_4+1, 0 
0x06B2	0x5C25      	SUBWF       _LDR_3+1, 0 
0x06B4	0xE102      	BNZ         L__sensor74
0x06B6	0x5022      	MOVF        _LDR_4, 0 
0x06B8	0x5C24      	SUBWF       _LDR_3, 0 
L__sensor74:
0x06BA	0xE246      	BC          L_sensor2
L__sensor69:
;Codigo_certo.c,105 :: 		if(LDR_1 <= sol && LDR_3 <= sol){
0x06BC	0xF000C020  	MOVFF       _LDR_1, R0
0x06C0	0xF001C021  	MOVFF       _LDR_1+1, R1
0x06C4	0xDEB9      	RCALL       _word2double
0x06C6	0xF004C000  	MOVFF       R0, R4
0x06CA	0xF005C001  	MOVFF       R1, R5
0x06CE	0xF006C002  	MOVFF       R2, R6
0x06D2	0xF007C003  	MOVFF       R3, R7
0x06D6	0x0E00      	MOVLW       0
0x06D8	0x6E00      	MOVWF       R0 
0x06DA	0x0E00      	MOVLW       0
0x06DC	0x6E01      	MOVWF       R1 
0x06DE	0x0E40      	MOVLW       64
0x06E0	0x6E02      	MOVWF       R2 
0x06E2	0x0E7F      	MOVLW       127
0x06E4	0x6E03      	MOVWF       R3 
0x06E6	0xDD0B      	RCALL       _Compare_Double
0x06E8	0x0E00      	MOVLW       0
0x06EA	0xB0D8      	BTFSC       STATUS, 0 
0x06EC	0x0E01      	MOVLW       1
0x06EE	0x6E00      	MOVWF       R0 
0x06F0	0x5200      	MOVF        R0, 1 
0x06F2	0xE02A      	BZ          L_sensor5
0x06F4	0xF000C024  	MOVFF       _LDR_3, R0
0x06F8	0xF001C025  	MOVFF       _LDR_3+1, R1
0x06FC	0xDE9D      	RCALL       _word2double
0x06FE	0xF004C000  	MOVFF       R0, R4
0x0702	0xF005C001  	MOVFF       R1, R5
0x0706	0xF006C002  	MOVFF       R2, R6
0x070A	0xF007C003  	MOVFF       R3, R7
0x070E	0x0E00      	MOVLW       0
0x0710	0x6E00      	MOVWF       R0 
0x0712	0x0E00      	MOVLW       0
0x0714	0x6E01      	MOVWF       R1 
0x0716	0x0E40      	MOVLW       64
0x0718	0x6E02      	MOVWF       R2 
0x071A	0x0E7F      	MOVLW       127
0x071C	0x6E03      	MOVWF       R3 
0x071E	0xDCEF      	RCALL       _Compare_Double
0x0720	0x0E00      	MOVLW       0
0x0722	0xB0D8      	BTFSC       STATUS, 0 
0x0724	0x0E01      	MOVLW       1
0x0726	0x6E00      	MOVWF       R0 
0x0728	0x5200      	MOVF        R0, 1 
0x072A	0xE00E      	BZ          L_sensor5
L__sensor68:
;Codigo_certo.c,106 :: 		if(posicao_x >= 0 && posicao_x < 4){
0x072C	0x0E00      	MOVLW       0
0x072E	0x5C18      	SUBWF       _posicao_x+1, 0 
0x0730	0xE102      	BNZ         L__sensor75
0x0732	0x0E00      	MOVLW       0
0x0734	0x5C17      	SUBWF       _posicao_x, 0 
L__sensor75:
0x0736	0xE308      	BNC         L_sensor8
0x0738	0x0E00      	MOVLW       0
0x073A	0x5C18      	SUBWF       _posicao_x+1, 0 
0x073C	0xE102      	BNZ         L__sensor76
0x073E	0x0E04      	MOVLW       4
0x0740	0x5C17      	SUBWF       _posicao_x, 0 
L__sensor76:
0x0742	0xE202      	BC          L_sensor8
L__sensor67:
;Codigo_certo.c,107 :: 		posicao_x++;
0x0744	0x4A17      	INFSNZ      _posicao_x, 1 
0x0746	0x2A18      	INCF        _posicao_x+1, 1 
;Codigo_certo.c,108 :: 		}
L_sensor8:
;Codigo_certo.c,109 :: 		}
L_sensor5:
;Codigo_certo.c,110 :: 		}
L_sensor2:
;Codigo_certo.c,111 :: 		if(LDR_1 > LDR_2 && LDR_3 > LDR_4){
0x0748	0x5021      	MOVF        _LDR_1+1, 0 
0x074A	0x5C1F      	SUBWF       _LDR_2+1, 0 
0x074C	0xE102      	BNZ         L__sensor77
0x074E	0x5020      	MOVF        _LDR_1, 0 
0x0750	0x5C1E      	SUBWF       _LDR_2, 0 
L__sensor77:
0x0752	0xE252      	BC          L_sensor11
0x0754	0x5025      	MOVF        _LDR_3+1, 0 
0x0756	0x5C23      	SUBWF       _LDR_4+1, 0 
0x0758	0xE102      	BNZ         L__sensor78
0x075A	0x5024      	MOVF        _LDR_3, 0 
0x075C	0x5C22      	SUBWF       _LDR_4, 0 
L__sensor78:
0x075E	0xE24C      	BC          L_sensor11
L__sensor66:
;Codigo_certo.c,112 :: 		if(LDR_2 <= sol && LDR_4 <= sol){
0x0760	0xF000C01E  	MOVFF       _LDR_2, R0
0x0764	0xF001C01F  	MOVFF       _LDR_2+1, R1
0x0768	0xDE67      	RCALL       _word2double
0x076A	0xF004C000  	MOVFF       R0, R4
0x076E	0xF005C001  	MOVFF       R1, R5
0x0772	0xF006C002  	MOVFF       R2, R6
0x0776	0xF007C003  	MOVFF       R3, R7
0x077A	0x0E00      	MOVLW       0
0x077C	0x6E00      	MOVWF       R0 
0x077E	0x0E00      	MOVLW       0
0x0780	0x6E01      	MOVWF       R1 
0x0782	0x0E40      	MOVLW       64
0x0784	0x6E02      	MOVWF       R2 
0x0786	0x0E7F      	MOVLW       127
0x0788	0x6E03      	MOVWF       R3 
0x078A	0xDCB9      	RCALL       _Compare_Double
0x078C	0x0E00      	MOVLW       0
0x078E	0xB0D8      	BTFSC       STATUS, 0 
0x0790	0x0E01      	MOVLW       1
0x0792	0x6E00      	MOVWF       R0 
0x0794	0x5200      	MOVF        R0, 1 
0x0796	0xE030      	BZ          L_sensor14
0x0798	0xF000C022  	MOVFF       _LDR_4, R0
0x079C	0xF001C023  	MOVFF       _LDR_4+1, R1
0x07A0	0xDE4B      	RCALL       _word2double
0x07A2	0xF004C000  	MOVFF       R0, R4
0x07A6	0xF005C001  	MOVFF       R1, R5
0x07AA	0xF006C002  	MOVFF       R2, R6
0x07AE	0xF007C003  	MOVFF       R3, R7
0x07B2	0x0E00      	MOVLW       0
0x07B4	0x6E00      	MOVWF       R0 
0x07B6	0x0E00      	MOVLW       0
0x07B8	0x6E01      	MOVWF       R1 
0x07BA	0x0E40      	MOVLW       64
0x07BC	0x6E02      	MOVWF       R2 
0x07BE	0x0E7F      	MOVLW       127
0x07C0	0x6E03      	MOVWF       R3 
0x07C2	0xDC9D      	RCALL       _Compare_Double
0x07C4	0x0E00      	MOVLW       0
0x07C6	0xB0D8      	BTFSC       STATUS, 0 
0x07C8	0x0E01      	MOVLW       1
0x07CA	0x6E00      	MOVWF       R0 
0x07CC	0x5200      	MOVF        R0, 1 
0x07CE	0xE014      	BZ          L_sensor14
L__sensor65:
;Codigo_certo.c,113 :: 		if(posicao_x > 0 && posicao_x <= 4){
0x07D0	0x0E00      	MOVLW       0
0x07D2	0x6E00      	MOVWF       R0 
0x07D4	0x5018      	MOVF        _posicao_x+1, 0 
0x07D6	0x5C00      	SUBWF       R0, 0 
0x07D8	0xE102      	BNZ         L__sensor79
0x07DA	0x5017      	MOVF        _posicao_x, 0 
0x07DC	0x0800      	SUBLW       0
L__sensor79:
0x07DE	0xE20C      	BC          L_sensor17
0x07E0	0x0E00      	MOVLW       0
0x07E2	0x6E00      	MOVWF       R0 
0x07E4	0x5018      	MOVF        _posicao_x+1, 0 
0x07E6	0x5C00      	SUBWF       R0, 0 
0x07E8	0xE102      	BNZ         L__sensor80
0x07EA	0x5017      	MOVF        _posicao_x, 0 
0x07EC	0x0804      	SUBLW       4
L__sensor80:
0x07EE	0xE304      	BNC         L_sensor17
L__sensor64:
;Codigo_certo.c,114 :: 		posicao_x--;
0x07F0	0x0E01      	MOVLW       1
0x07F2	0x5E17      	SUBWF       _posicao_x, 1 
0x07F4	0x0E00      	MOVLW       0
0x07F6	0x5A18      	SUBWFB      _posicao_x+1, 1 
;Codigo_certo.c,115 :: 		}
L_sensor17:
;Codigo_certo.c,116 :: 		}
L_sensor14:
;Codigo_certo.c,117 :: 		}
L_sensor11:
;Codigo_certo.c,121 :: 		if(LDR_3 < LDR_1 && LDR_4 < LDR_2){
0x07F8	0x5021      	MOVF        _LDR_1+1, 0 
0x07FA	0x5C25      	SUBWF       _LDR_3+1, 0 
0x07FC	0xE102      	BNZ         L__sensor81
0x07FE	0x5020      	MOVF        _LDR_1, 0 
0x0800	0x5C24      	SUBWF       _LDR_3, 0 
L__sensor81:
0x0802	0xE252      	BC          L_sensor20
0x0804	0x501F      	MOVF        _LDR_2+1, 0 
0x0806	0x5C23      	SUBWF       _LDR_4+1, 0 
0x0808	0xE102      	BNZ         L__sensor82
0x080A	0x501E      	MOVF        _LDR_2, 0 
0x080C	0x5C22      	SUBWF       _LDR_4, 0 
L__sensor82:
0x080E	0xE24C      	BC          L_sensor20
L__sensor63:
;Codigo_certo.c,122 :: 		if(LDR_3 <= sol && LDR_4 <= sol){
0x0810	0xF000C024  	MOVFF       _LDR_3, R0
0x0814	0xF001C025  	MOVFF       _LDR_3+1, R1
0x0818	0xDE0F      	RCALL       _word2double
0x081A	0xF004C000  	MOVFF       R0, R4
0x081E	0xF005C001  	MOVFF       R1, R5
0x0822	0xF006C002  	MOVFF       R2, R6
0x0826	0xF007C003  	MOVFF       R3, R7
0x082A	0x0E00      	MOVLW       0
0x082C	0x6E00      	MOVWF       R0 
0x082E	0x0E00      	MOVLW       0
0x0830	0x6E01      	MOVWF       R1 
0x0832	0x0E40      	MOVLW       64
0x0834	0x6E02      	MOVWF       R2 
0x0836	0x0E7F      	MOVLW       127
0x0838	0x6E03      	MOVWF       R3 
0x083A	0xDC61      	RCALL       _Compare_Double
0x083C	0x0E00      	MOVLW       0
0x083E	0xB0D8      	BTFSC       STATUS, 0 
0x0840	0x0E01      	MOVLW       1
0x0842	0x6E00      	MOVWF       R0 
0x0844	0x5200      	MOVF        R0, 1 
0x0846	0xE030      	BZ          L_sensor23
0x0848	0xF000C022  	MOVFF       _LDR_4, R0
0x084C	0xF001C023  	MOVFF       _LDR_4+1, R1
0x0850	0xDDF3      	RCALL       _word2double
0x0852	0xF004C000  	MOVFF       R0, R4
0x0856	0xF005C001  	MOVFF       R1, R5
0x085A	0xF006C002  	MOVFF       R2, R6
0x085E	0xF007C003  	MOVFF       R3, R7
0x0862	0x0E00      	MOVLW       0
0x0864	0x6E00      	MOVWF       R0 
0x0866	0x0E00      	MOVLW       0
0x0868	0x6E01      	MOVWF       R1 
0x086A	0x0E40      	MOVLW       64
0x086C	0x6E02      	MOVWF       R2 
0x086E	0x0E7F      	MOVLW       127
0x0870	0x6E03      	MOVWF       R3 
0x0872	0xDC45      	RCALL       _Compare_Double
0x0874	0x0E00      	MOVLW       0
0x0876	0xB0D8      	BTFSC       STATUS, 0 
0x0878	0x0E01      	MOVLW       1
0x087A	0x6E00      	MOVWF       R0 
0x087C	0x5200      	MOVF        R0, 1 
0x087E	0xE014      	BZ          L_sensor23
L__sensor62:
;Codigo_certo.c,123 :: 		if(posicao_y > 0 && posicao_y <= 4){
0x0880	0x0E00      	MOVLW       0
0x0882	0x6E00      	MOVWF       R0 
0x0884	0x5016      	MOVF        _posicao_y+1, 0 
0x0886	0x5C00      	SUBWF       R0, 0 
0x0888	0xE102      	BNZ         L__sensor83
0x088A	0x5015      	MOVF        _posicao_y, 0 
0x088C	0x0800      	SUBLW       0
L__sensor83:
0x088E	0xE20C      	BC          L_sensor26
0x0890	0x0E00      	MOVLW       0
0x0892	0x6E00      	MOVWF       R0 
0x0894	0x5016      	MOVF        _posicao_y+1, 0 
0x0896	0x5C00      	SUBWF       R0, 0 
0x0898	0xE102      	BNZ         L__sensor84
0x089A	0x5015      	MOVF        _posicao_y, 0 
0x089C	0x0804      	SUBLW       4
L__sensor84:
0x089E	0xE304      	BNC         L_sensor26
L__sensor61:
;Codigo_certo.c,124 :: 		posicao_y--;
0x08A0	0x0E01      	MOVLW       1
0x08A2	0x5E15      	SUBWF       _posicao_y, 1 
0x08A4	0x0E00      	MOVLW       0
0x08A6	0x5A16      	SUBWFB      _posicao_y+1, 1 
;Codigo_certo.c,125 :: 		}
L_sensor26:
;Codigo_certo.c,126 :: 		}
L_sensor23:
;Codigo_certo.c,127 :: 		}
L_sensor20:
;Codigo_certo.c,128 :: 		if(LDR_3 > LDR_1 && LDR_4 > LDR_2){
0x08A8	0x5025      	MOVF        _LDR_3+1, 0 
0x08AA	0x5C21      	SUBWF       _LDR_1+1, 0 
0x08AC	0xE102      	BNZ         L__sensor85
0x08AE	0x5024      	MOVF        _LDR_3, 0 
0x08B0	0x5C20      	SUBWF       _LDR_1, 0 
L__sensor85:
0x08B2	0xE24D      	BC          L_sensor29
0x08B4	0x5023      	MOVF        _LDR_4+1, 0 
0x08B6	0x5C1F      	SUBWF       _LDR_2+1, 0 
0x08B8	0xE102      	BNZ         L__sensor86
0x08BA	0x5022      	MOVF        _LDR_4, 0 
0x08BC	0x5C1E      	SUBWF       _LDR_2, 0 
L__sensor86:
0x08BE	0xE247      	BC          L_sensor29
L__sensor60:
;Codigo_certo.c,129 :: 		if(LDR_1 <= sol && LDR_2 <= sol){
0x08C0	0xF000C020  	MOVFF       _LDR_1, R0
0x08C4	0xF001C021  	MOVFF       _LDR_1+1, R1
0x08C8	0xDDB7      	RCALL       _word2double
0x08CA	0xF004C000  	MOVFF       R0, R4
0x08CE	0xF005C001  	MOVFF       R1, R5
0x08D2	0xF006C002  	MOVFF       R2, R6
0x08D6	0xF007C003  	MOVFF       R3, R7
0x08DA	0x0E00      	MOVLW       0
0x08DC	0x6E00      	MOVWF       R0 
0x08DE	0x0E00      	MOVLW       0
0x08E0	0x6E01      	MOVWF       R1 
0x08E2	0x0E40      	MOVLW       64
0x08E4	0x6E02      	MOVWF       R2 
0x08E6	0x0E7F      	MOVLW       127
0x08E8	0x6E03      	MOVWF       R3 
0x08EA	0xDC09      	RCALL       _Compare_Double
0x08EC	0x0E00      	MOVLW       0
0x08EE	0xB0D8      	BTFSC       STATUS, 0 
0x08F0	0x0E01      	MOVLW       1
0x08F2	0x6E00      	MOVWF       R0 
0x08F4	0x5200      	MOVF        R0, 1 
0x08F6	0xE02B      	BZ          L_sensor32
0x08F8	0xF000C01E  	MOVFF       _LDR_2, R0
0x08FC	0xF001C01F  	MOVFF       _LDR_2+1, R1
0x0900	0xDD9B      	RCALL       _word2double
0x0902	0xF004C000  	MOVFF       R0, R4
0x0906	0xF005C001  	MOVFF       R1, R5
0x090A	0xF006C002  	MOVFF       R2, R6
0x090E	0xF007C003  	MOVFF       R3, R7
0x0912	0x0E00      	MOVLW       0
0x0914	0x6E00      	MOVWF       R0 
0x0916	0x0E00      	MOVLW       0
0x0918	0x6E01      	MOVWF       R1 
0x091A	0x0E40      	MOVLW       64
0x091C	0x6E02      	MOVWF       R2 
0x091E	0x0E7F      	MOVLW       127
0x0920	0x6E03      	MOVWF       R3 
0x0922	0xF000EC7F  	CALL        _Compare_Double, 0
0x0926	0x0E00      	MOVLW       0
0x0928	0xB0D8      	BTFSC       STATUS, 0 
0x092A	0x0E01      	MOVLW       1
0x092C	0x6E00      	MOVWF       R0 
0x092E	0x5200      	MOVF        R0, 1 
0x0930	0xE00E      	BZ          L_sensor32
L__sensor59:
;Codigo_certo.c,130 :: 		if(posicao_y >= 0 && posicao_y < 4){
0x0932	0x0E00      	MOVLW       0
0x0934	0x5C16      	SUBWF       _posicao_y+1, 0 
0x0936	0xE102      	BNZ         L__sensor87
0x0938	0x0E00      	MOVLW       0
0x093A	0x5C15      	SUBWF       _posicao_y, 0 
L__sensor87:
0x093C	0xE308      	BNC         L_sensor35
0x093E	0x0E00      	MOVLW       0
0x0940	0x5C16      	SUBWF       _posicao_y+1, 0 
0x0942	0xE102      	BNZ         L__sensor88
0x0944	0x0E04      	MOVLW       4
0x0946	0x5C15      	SUBWF       _posicao_y, 0 
L__sensor88:
0x0948	0xE202      	BC          L_sensor35
L__sensor58:
;Codigo_certo.c,131 :: 		posicao_y++;
0x094A	0x4A15      	INFSNZ      _posicao_y, 1 
0x094C	0x2A16      	INCF        _posicao_y+1, 1 
;Codigo_certo.c,132 :: 		}
L_sensor35:
;Codigo_certo.c,133 :: 		}
L_sensor32:
;Codigo_certo.c,134 :: 		}
L_sensor29:
;Codigo_certo.c,135 :: 		}
L_end_sensor:
0x094E	0x0012      	RETURN      0
; end of _sensor
_analogico:
;Codigo_certo.c,30 :: 		void analogico(){
;Codigo_certo.c,31 :: 		LDR_1 = ADC_read(0);
0x0950	0x6A26      	CLRF        FARG_ADC_Read_channel 
0x0952	0xDD39      	RCALL       _ADC_Read
0x0954	0xF020C000  	MOVFF       R0, _LDR_1
0x0958	0xF021C001  	MOVFF       R1, _LDR_1+1
;Codigo_certo.c,32 :: 		LDR_1 = (LDR_1 * (5.0/1024.0));
0x095C	0xDD6D      	RCALL       _word2double
0x095E	0x0E00      	MOVLW       0
0x0960	0x6E04      	MOVWF       R4 
0x0962	0x0E00      	MOVLW       0
0x0964	0x6E05      	MOVWF       R5 
0x0966	0x0E20      	MOVLW       32
0x0968	0x6E06      	MOVWF       R6 
0x096A	0x0E77      	MOVLW       119
0x096C	0x6E07      	MOVWF       R7 
0x096E	0xDC9B      	RCALL       _Mul_32x32_FP
0x0970	0xDC2D      	RCALL       _double2word
0x0972	0xF020C000  	MOVFF       R0, _LDR_1
0x0976	0xF021C001  	MOVFF       R1, _LDR_1+1
;Codigo_certo.c,33 :: 		LDR_2 = ADC_read(1);
0x097A	0x0E01      	MOVLW       1
0x097C	0x6E26      	MOVWF       FARG_ADC_Read_channel 
0x097E	0xDD23      	RCALL       _ADC_Read
0x0980	0xF01EC000  	MOVFF       R0, _LDR_2
0x0984	0xF01FC001  	MOVFF       R1, _LDR_2+1
;Codigo_certo.c,34 :: 		LDR_2 = (LDR_2 * (5.0/1024.0));
0x0988	0xDD57      	RCALL       _word2double
0x098A	0x0E00      	MOVLW       0
0x098C	0x6E04      	MOVWF       R4 
0x098E	0x0E00      	MOVLW       0
0x0990	0x6E05      	MOVWF       R5 
0x0992	0x0E20      	MOVLW       32
0x0994	0x6E06      	MOVWF       R6 
0x0996	0x0E77      	MOVLW       119
0x0998	0x6E07      	MOVWF       R7 
0x099A	0xDC85      	RCALL       _Mul_32x32_FP
0x099C	0xDC17      	RCALL       _double2word
0x099E	0xF01EC000  	MOVFF       R0, _LDR_2
0x09A2	0xF01FC001  	MOVFF       R1, _LDR_2+1
;Codigo_certo.c,35 :: 		LDR_3 = ADC_read(2);
0x09A6	0x0E02      	MOVLW       2
0x09A8	0x6E26      	MOVWF       FARG_ADC_Read_channel 
0x09AA	0xDD0D      	RCALL       _ADC_Read
0x09AC	0xF024C000  	MOVFF       R0, _LDR_3
0x09B0	0xF025C001  	MOVFF       R1, _LDR_3+1
;Codigo_certo.c,36 :: 		LDR_3 = (LDR_3 * (5.0/1024.0));
0x09B4	0xDD41      	RCALL       _word2double
0x09B6	0x0E00      	MOVLW       0
0x09B8	0x6E04      	MOVWF       R4 
0x09BA	0x0E00      	MOVLW       0
0x09BC	0x6E05      	MOVWF       R5 
0x09BE	0x0E20      	MOVLW       32
0x09C0	0x6E06      	MOVWF       R6 
0x09C2	0x0E77      	MOVLW       119
0x09C4	0x6E07      	MOVWF       R7 
0x09C6	0xDC6F      	RCALL       _Mul_32x32_FP
0x09C8	0xDC01      	RCALL       _double2word
0x09CA	0xF024C000  	MOVFF       R0, _LDR_3
0x09CE	0xF025C001  	MOVFF       R1, _LDR_3+1
;Codigo_certo.c,37 :: 		LDR_4 = ADC_read(3);
0x09D2	0x0E03      	MOVLW       3
0x09D4	0x6E26      	MOVWF       FARG_ADC_Read_channel 
0x09D6	0xDCF7      	RCALL       _ADC_Read
0x09D8	0xF022C000  	MOVFF       R0, _LDR_4
0x09DC	0xF023C001  	MOVFF       R1, _LDR_4+1
;Codigo_certo.c,38 :: 		LDR_4 = (LDR_4 * (5.0/1024.0));
0x09E0	0xDD2B      	RCALL       _word2double
0x09E2	0x0E00      	MOVLW       0
0x09E4	0x6E04      	MOVWF       R4 
0x09E6	0x0E00      	MOVLW       0
0x09E8	0x6E05      	MOVWF       R5 
0x09EA	0x0E20      	MOVLW       32
0x09EC	0x6E06      	MOVWF       R6 
0x09EE	0x0E77      	MOVLW       119
0x09F0	0x6E07      	MOVWF       R7 
0x09F2	0xDC59      	RCALL       _Mul_32x32_FP
0x09F4	0xF000ECE6  	CALL        _double2word, 0
0x09F8	0xF022C000  	MOVFF       R0, _LDR_4
0x09FC	0xF023C001  	MOVFF       R1, _LDR_4+1
;Codigo_certo.c,39 :: 		}
L_end_analogico:
0x0A00	0x0012      	RETURN      0
; end of _analogico
_main:
0x0A02	0xF005EC0D  	CALL        2586, 0
;Codigo_certo.c,232 :: 		void main() {
;Codigo_certo.c,233 :: 		ADC_init();
0x0A06	0xDD4F      	RCALL       _ADC_Init
;Codigo_certo.c,234 :: 		pin_config();
0x0A08	0xDD2B      	RCALL       _pin_config
;Codigo_certo.c,235 :: 		while (1){
L_main56:
;Codigo_certo.c,236 :: 		analogico();
0x0A0A	0xDFA2      	RCALL       _analogico
;Codigo_certo.c,237 :: 		sensor();
0x0A0C	0xDE4B      	RCALL       _sensor
;Codigo_certo.c,238 :: 		motor();
0x0A0E	0xDD5D      	RCALL       _motor
;Codigo_certo.c,239 :: 		}
0x0A10	0xD7FC      	BRA         L_main56
;Codigo_certo.c,240 :: 		}
L_end_main:
0x0A12	0xD7FF      	BRA         $+0
; end of _main
0x0A1A	0xF015EE10  	LFSR        1, 21
0x0A1E	0x0E05      	MOVLW       5
0x0A20	0x6E00      	MOVWF       R0 
0x0A22	0x0E01      	MOVLW       1
0x0A24	0x6E01      	MOVWF       R1 
0x0A26	0x0E14      	MOVLW       20
0x0A28	0x6EF6      	MOVWF       4086 
0x0A2A	0x0E0A      	MOVLW       10
0x0A2C	0x6EF7      	MOVWF       TBLPTRH 
0x0A2E	0x0E00      	MOVLW       0
0x0A30	0x6EF8      	MOVWF       TBLPTRU 
0x0A32	0xF002EC4B  	CALL        1174, 0
0x0A36	0x0012      	RETURN      0
;Codigo_certo.c,0 :: ?ICS_posicao_y
0x0A14	0x0002 ;?ICS_posicao_y+0
; end of ?ICS_posicao_y
;Codigo_certo.c,0 :: ?ICS_posicao_x
0x0A16	0x0002 ;?ICS_posicao_x+0
; end of ?ICS_posicao_x
;__Lib_ADC_K22_B.c,0 :: ?ICS_vref_mask
0x0A18	0x0F ;?ICS_vref_mask+0
; end of ?ICS_vref_mask
Symbol List:
//** Routines locations **
//ADDRESS    SIZE    PROCEDURE
//----------------------------------------------
0x001C       [8]    _FIXSIGN32
0x0024      [26]    _SETFUN32
0x003E      [14]    _RES032
0x004C      [12]    _Delay_22us
0x0058     [114]    _NRM3232
0x00CA      [24]    _SETFOV32
0x00E2      [28]    _SETIOV3224
0x00FE     [206]    _Compare_Double
0x01CC     [218]    _double2word
0x02A6     [288]    _Mul_32x32_FP
0x03C6     [114]    _ADC_Read
0x0438      [40]    _word2double
0x0460      [54]    _pin_config
0x0496      [16]    ___CC2DW
0x04A6      [36]    _ADC_Init
0x04CA     [474]    _motor
0x06A4     [684]    _sensor
0x0950     [178]    _analogico
0x0A02      [18]    _main
//** Variables locations ** 
//ADDRESS    SIZE    VARIABLE
//----------------------------------------------
0x0000       [1]    R0
0x0001       [1]    R1
0x0002       [1]    R2
0x0003       [1]    R3
0x0004       [1]    R4
0x0005       [1]    R5
0x0006       [1]    R6
0x0007       [1]    R7
0x0008       [1]    R8
0x0009       [1]    R9
0x000A       [1]    R10
0x000B       [1]    R11
0x000C       [1]    R12
0x000D       [1]    R13
0x000E       [1]    R14
0x000F       [1]    R15
0x0010       [1]    R16
0x0011       [1]    R17
0x0012       [1]    R18
0x0013       [1]    R19
0x0014       [1]    R20
0x0015       [2]    _posicao_y
0x0017       [2]    _posicao_x
0x0019       [1]    _vref_mask
0x001A       [4]    _ADC_Get_Sample_Ptr
0x001E       [2]    _LDR_2
0x0020       [2]    _LDR_1
0x0022       [2]    _LDR_4
0x0024       [2]    _LDR_3
0x0026       [1]    FARG_ADC_Read_channel
0x0027       [2]    ADC_Read_rslt_L0
0x0F39       [1]    ANSELB
0x0F80       [1]    PORTA
0x0F81       [1]    PORTB
0x0F92       [1]    TRISA
0x0F93       [1]    TRISB
0x0FC0       [1]    ADCON2
0x0FC1       [1]    ADCON1
0x0FC2       [1]    ADCON0
0x0FC3       [1]    ADRESL
0x0FC4       [1]    ADRESH
0x0FD8       [1]    STATUS
0x0FD9       [1]    FSR2L
0x0FDA       [1]    FSR2H
0x0FDE       [1]    POSTINC2
0x0FE0       [1]    BSR
0x0FE1       [1]    FSR1L
0x0FE2       [1]    FSR1H
0x0FE4       [1]    PREINC1
0x0FE6       [1]    POSTINC1
0x0FE7       [1]    INDF1
0x0FE8       [1]    WREG
0x0FE9       [1]    FSR0L
0x0FEA       [1]    FSR0H
0x0FEE       [1]    POSTINC0
0x0FF3       [1]    PRODL
0x0FF4       [1]    PRODH
0x0FF5       [1]    TABLAT
0x0FF6       [1]    TBLPTRL
0x0FF7       [1]    TBLPTRH
0x0FF8       [1]    TBLPTRU
//** Constants locations ** 
//ADDRESS    SIZE    CONSTANT
//----------------------------------------------
0x0A14       [2]    ?ICS_posicao_y
0x0A16       [2]    ?ICS_posicao_x
0x0A18       [1]    ?ICS_vref_mask
