;  LST file generated by mikroListExporter - v.2.0 
; Date/Time: 18/06/2018 14:55:21
;----------------------------------------------

;Address Opcode 	ASM
0x0000	0x2A43      	GOTO       579
_SETFUN32:
;__Lib_MathDouble.c,138 :: 		
;__Lib_MathDouble.c,145 :: 		
0x0003	0x157B      	BSF        R11, 2
;__Lib_MathDouble.c,146 :: 		
0x0004	0x1FFB      	BTFSS      R11, 7
;__Lib_MathDouble.c,147 :: 		
0x0005	0x280D      	GOTO       SETFUN32EEE
;__Lib_MathDouble.c,148 :: 		
0x0006	0x3001      	MOVLW      1
;__Lib_MathDouble.c,149 :: 		
0x0007	0x00F3      	MOVWF      R3
;__Lib_MathDouble.c,150 :: 		
0x0008	0x01F2      	CLRF       R2
;__Lib_MathDouble.c,151 :: 		
0x0009	0x01F1      	CLRF       R1
;__Lib_MathDouble.c,152 :: 		
0x000A	0x01F0      	CLRF       R0
;__Lib_MathDouble.c,153 :: 		
0x000B	0x0DFA      	RLF        R10, 1
;__Lib_MathDouble.c,154 :: 		
0x000C	0x0CF2      	RRF        R2, 1
;__Lib_MathDouble.c,155 :: 		
SETFUN32EEE:
;__Lib_MathDouble.c,156 :: 		
0x000D	0x30FF      	MOVLW      255
;__Lib_MathDouble.c,158 :: 		
L_end_SETFUN32:
0x000E	0x0008      	RETURN
; end of _SETFUN32
_Div_8X8_U:
;__Lib_Math.c,189 :: 		
;__Lib_Math.c,196 :: 		
0x000F	0x1283      	BCF        STATUS, 5
;__Lib_Math.c,197 :: 		
0x0010	0x1303      	BCF        STATUS, 6
;__Lib_Math.c,198 :: 		
0x0011	0x01F8      	CLRF       R8
;__Lib_Math.c,199 :: 		
0x0012	0x3008      	MOVLW      8
;__Lib_Math.c,200 :: 		
0x0013	0x00FC      	MOVWF      R12
;__Lib_Math.c,201 :: 		
0x0014	0x0D70      	RLF        R0, 0
;__Lib_Math.c,202 :: 		
0x0015	0x0DF8      	RLF        R8, 1
;__Lib_Math.c,203 :: 		
0x0016	0x0874      	MOVF       R4, 0
;__Lib_Math.c,204 :: 		
0x0017	0x02F8      	SUBWF      R8, 1
;__Lib_Math.c,205 :: 		
0x0018	0x1803      	BTFSC      STATUS, 0
;__Lib_Math.c,206 :: 		
0x0019	0x281C      	GOTO       $+3
;__Lib_Math.c,207 :: 		
0x001A	0x07F8      	ADDWF      R8, 1
;__Lib_Math.c,208 :: 		
0x001B	0x1003      	BCF        STATUS, 0
;__Lib_Math.c,209 :: 		
0x001C	0x0DF0      	RLF        R0, 1
;__Lib_Math.c,210 :: 		
0x001D	0x0BFC      	DECFSZ     R12, 1
;__Lib_Math.c,211 :: 		
0x001E	0x2814      	GOTO       $-10
;__Lib_Math.c,213 :: 		
L_end_Div_8X8_U:
0x001F	0x0008      	RETURN
; end of _Div_8X8_U
_RES032:
;__Lib_MathDouble.c,123 :: 		
;__Lib_MathDouble.c,128 :: 		
0x0020	0x01F2      	CLRF       R2
;__Lib_MathDouble.c,129 :: 		
0x0021	0x01F1      	CLRF       R1
;__Lib_MathDouble.c,130 :: 		
0x0022	0x01F0      	CLRF       R0
;__Lib_MathDouble.c,131 :: 		
0x0023	0x01F8      	CLRF       R8
;__Lib_MathDouble.c,132 :: 		
0x0024	0x01F3      	CLRF       R3
;__Lib_MathDouble.c,133 :: 		
0x0025	0x3000      	MOVLW      0
;__Lib_MathDouble.c,135 :: 		
L_end_RES032:
0x0026	0x0008      	RETURN
; end of _RES032
_FIXSIGN32:
;__Lib_MathDouble.c,112 :: 		
;__Lib_MathDouble.c,116 :: 		
0x0027	0x1FFA      	BTFSS      R10, 7
;__Lib_MathDouble.c,117 :: 		
0x0028	0x13F2      	BCF        R2, 7
;__Lib_MathDouble.c,118 :: 		
0x0029	0x3000      	MOVLW      0
;__Lib_MathDouble.c,120 :: 		
L_end_FIXSIGN32:
0x002A	0x0008      	RETURN
; end of _FIXSIGN32
_SETFOV32:
;__Lib_MathDouble.c,79 :: 		
;__Lib_MathDouble.c,86 :: 		
0x002B	0x14FB      	BSF        R11, 1
;__Lib_MathDouble.c,87 :: 		
0x002C	0x1FFB      	BTFSS      R11, 7
;__Lib_MathDouble.c,88 :: 		
0x002D	0x2835      	GOTO       SETFOV32EEE
;__Lib_MathDouble.c,89 :: 		
0x002E	0x30FF      	MOVLW      255
;__Lib_MathDouble.c,90 :: 		
0x002F	0x00F3      	MOVWF      R3
;__Lib_MathDouble.c,91 :: 		
0x0030	0x00F2      	MOVWF      R2
;__Lib_MathDouble.c,92 :: 		
0x0031	0x00F1      	MOVWF      R1
;__Lib_MathDouble.c,93 :: 		
0x0032	0x00F0      	MOVWF      R0
;__Lib_MathDouble.c,94 :: 		
0x0033	0x0DFA      	RLF        R10, 1
;__Lib_MathDouble.c,95 :: 		
0x0034	0x0CF2      	RRF        R2, 1
;__Lib_MathDouble.c,96 :: 		
SETFOV32EEE:
;__Lib_MathDouble.c,97 :: 		
0x0035	0x30FF      	MOVLW      255
;__Lib_MathDouble.c,99 :: 		
L_end_SETFOV32:
0x0036	0x0008      	RETURN
; end of _SETFOV32
_SETIOV3224:
;__Lib_MathDouble.c,1000 :: 		
;__Lib_MathDouble.c,1006 :: 		
0x0037	0x147B      	BSF        R11, 0
;__Lib_MathDouble.c,1007 :: 		
0x0038	0x1FFB      	BTFSS      R11, 7
;__Lib_MathDouble.c,1008 :: 		
0x0039	0x2842      	GOTO       SETIOV3224EEE
;__Lib_MathDouble.c,1010 :: 		
0x003A	0x01F2      	CLRF       R2
;__Lib_MathDouble.c,1011 :: 		
0x003B	0x1FFA      	BTFSS      R10, 7
;__Lib_MathDouble.c,1012 :: 		
0x003C	0x30FF      	MOVLW      255
;__Lib_MathDouble.c,1013 :: 		
0x003D	0x00F2      	MOVWF      R2
;__Lib_MathDouble.c,1014 :: 		
0x003E	0x00F1      	MOVWF      R1
;__Lib_MathDouble.c,1015 :: 		
0x003F	0x00F0      	MOVWF      R0
;__Lib_MathDouble.c,1016 :: 		
0x0040	0x0DFA      	RLF        R10, 1
;__Lib_MathDouble.c,1017 :: 		
0x0041	0x0CF2      	RRF        R2, 1
;__Lib_MathDouble.c,1018 :: 		
SETIOV3224EEE:
;__Lib_MathDouble.c,1019 :: 		
0x0042	0x30FF      	MOVLW      255
;__Lib_MathDouble.c,1021 :: 		
L_end_SETIOV3224:
0x0043	0x0008      	RETURN
; end of _SETIOV3224
_Delay_22us:
;__Lib_Delays.c,15 :: 		void Delay_22us() {
;__Lib_Delays.c,16 :: 		Delay_us(22);
0x0044	0x300E      	MOVLW      14
0x0045	0x1283      	BCF        STATUS, 5
0x0046	0x1303      	BCF        STATUS, 6
0x0047	0x00FD      	MOVWF      R13
L_Delay_22us1:
0x0048	0x0BFD      	DECFSZ     R13, 1
0x0049	0x2848      	GOTO       L_Delay_22us1
0x004A	0x0000      	NOP
;__Lib_Delays.c,17 :: 		}
L_end_Delay_22us:
0x004B	0x0008      	RETURN
; end of _Delay_22us
_____DoICP:
;__Lib_System.c,6 :: 		
;__Lib_System.c,9 :: 		
0x004C	0x1283      	BCF        STATUS, 5
0x004D	0x1303      	BCF        STATUS, 6
0x004E	0x0826      	MOVF       ___DoICPAddr+1, 0
0x004F	0x008A      	MOVWF      PCLATH
;__Lib_System.c,10 :: 		
0x0050	0x0825      	MOVF       ___DoICPAddr, 0
0x0051	0x0082      	MOVWF      PCL
;__Lib_System.c,12 :: 		
L_end_____DoICP:
0x0052	0x0008      	RETURN
; end of _____DoICP
_NRM4032:
;__Lib_MathDouble.c,245 :: 		
;__Lib_MathDouble.c,252 :: 		
;__Lib_MathDouble.c,254 :: 		
0x0053	0x187C      	BTFSC      R12, 0
;__Lib_MathDouble.c,255 :: 		
0x0054	0x2889      	GOTO       NRMRND4032
;__Lib_MathDouble.c,256 :: 		
0x0055	0x18FC      	BTFSC      R12, 1
;__Lib_MathDouble.c,257 :: 		
0x0056	0x285A      	GOTO       NRM4032
;__Lib_MathDouble.c,258 :: 		
0x0057	0x197C      	BTFSC      R12, 2
;__Lib_MathDouble.c,259 :: 		
0x0058	0x28A8      	GOTO       JMPSETFOV32
;__Lib_MathDouble.c,260 :: 		
0x0059	0x2853      	GOTO       $-6
;__Lib_MathDouble.c,261 :: 		
NRM4032:
;__Lib_MathDouble.c,262 :: 		
0x005A	0x01A0      	CLRF       __math_tempbD
;__Lib_MathDouble.c,263 :: 		
0x005B	0x0872      	MOVF       R2, 0
;__Lib_MathDouble.c,264 :: 		
0x005C	0x1D03      	BTFSS      STATUS, 2
;__Lib_MathDouble.c,265 :: 		
0x005D	0x287A      	GOTO       NORM4032
;__Lib_MathDouble.c,266 :: 		
0x005E	0x0871      	MOVF       R1, 0
;__Lib_MathDouble.c,267 :: 		
0x005F	0x00F2      	MOVWF      R2
;__Lib_MathDouble.c,268 :: 		
0x0060	0x0870      	MOVF       R0, 0
;__Lib_MathDouble.c,269 :: 		
0x0061	0x00F1      	MOVWF      R1
;__Lib_MathDouble.c,270 :: 		
0x0062	0x0878      	MOVF       R8, 0
;__Lib_MathDouble.c,271 :: 		
0x0063	0x00F0      	MOVWF      R0
;__Lib_MathDouble.c,272 :: 		
0x0064	0x01F8      	CLRF       R8
;__Lib_MathDouble.c,273 :: 		
0x0065	0x15A0      	BSF        __math_tempbD, 3
;__Lib_MathDouble.c,275 :: 		
0x0066	0x0872      	MOVF       R2, 0
;__Lib_MathDouble.c,276 :: 		
0x0067	0x1D03      	BTFSS      STATUS, 2
;__Lib_MathDouble.c,277 :: 		
0x0068	0x287A      	GOTO       NORM4032
;__Lib_MathDouble.c,278 :: 		
0x0069	0x0871      	MOVF       R1, 0
;__Lib_MathDouble.c,279 :: 		
0x006A	0x00F2      	MOVWF      R2
;__Lib_MathDouble.c,280 :: 		
0x006B	0x0870      	MOVF       R0, 0
;__Lib_MathDouble.c,281 :: 		
0x006C	0x00F1      	MOVWF      R1
;__Lib_MathDouble.c,282 :: 		
0x006D	0x01F0      	CLRF       R0
;__Lib_MathDouble.c,283 :: 		
0x006E	0x11A0      	BCF        __math_tempbD, 3
;__Lib_MathDouble.c,284 :: 		
0x006F	0x1620      	BSF        __math_tempbD, 4
;__Lib_MathDouble.c,286 :: 		
0x0070	0x0872      	MOVF       R2, 0
;__Lib_MathDouble.c,287 :: 		
0x0071	0x1D03      	BTFSS      STATUS, 2
;__Lib_MathDouble.c,288 :: 		
0x0072	0x287A      	GOTO       NORM4032
;__Lib_MathDouble.c,289 :: 		
0x0073	0x0871      	MOVF       R1, 0
;__Lib_MathDouble.c,290 :: 		
0x0074	0x00F2      	MOVWF      R2
;__Lib_MathDouble.c,291 :: 		
0x0075	0x01F1      	CLRF       R1
;__Lib_MathDouble.c,292 :: 		
0x0076	0x15A0      	BSF        __math_tempbD, 3
;__Lib_MathDouble.c,294 :: 		
0x0077	0x0872      	MOVF       R2, 0
;__Lib_MathDouble.c,295 :: 		
0x0078	0x1903      	BTFSC      STATUS, 2
;__Lib_MathDouble.c,296 :: 		
0x0079	0x289C      	GOTO       JMPRES032
;__Lib_MathDouble.c,297 :: 		
NORM4032:
;__Lib_MathDouble.c,298 :: 		
0x007A	0x0820      	MOVF       __math_tempbD, 0
;__Lib_MathDouble.c,299 :: 		
0x007B	0x02F3      	SUBWF      R3, 1
;__Lib_MathDouble.c,300 :: 		
0x007C	0x1D03      	BTFSS      STATUS, 2
;__Lib_MathDouble.c,301 :: 		
0x007D	0x1C03      	BTFSS      STATUS, 0
;__Lib_MathDouble.c,302 :: 		
0x007E	0x28A0      	GOTO       JMPSETFUN32
;__Lib_MathDouble.c,303 :: 		
0x007F	0x1003      	BCF        STATUS, 0
;__Lib_MathDouble.c,304 :: 		
NORM4032A:
;__Lib_MathDouble.c,305 :: 		
0x0080	0x1BF2      	BTFSC      R2, 7
;__Lib_MathDouble.c,306 :: 		
0x0081	0x2889      	GOTO       NRMRND4032
;__Lib_MathDouble.c,307 :: 		
0x0082	0x0DF8      	RLF        R8, 1
;__Lib_MathDouble.c,308 :: 		
0x0083	0x0DF0      	RLF        R0, 1
;__Lib_MathDouble.c,309 :: 		
0x0084	0x0DF1      	RLF        R1, 1
;__Lib_MathDouble.c,310 :: 		
0x0085	0x0DF2      	RLF        R2, 1
;__Lib_MathDouble.c,311 :: 		
0x0086	0x0BF3      	DECFSZ     R3, 1
;__Lib_MathDouble.c,312 :: 		
0x0087	0x2880      	GOTO       NORM4032A
;__Lib_MathDouble.c,313 :: 		
0x0088	0x28A0      	GOTO       JMPSETFUN32
;__Lib_MathDouble.c,314 :: 		
NRMRND4032:
;__Lib_MathDouble.c,315 :: 		
0x0089	0x1B7B      	BTFSC      R11, 6
;__Lib_MathDouble.c,316 :: 		
0x008A	0x1C70      	BTFSS      R0, 0
;__Lib_MathDouble.c,317 :: 		
0x008B	0x28A4      	GOTO       JMPFIXSIGN32
;__Lib_MathDouble.c,318 :: 		
0x008C	0x1FF8      	BTFSS      R8, 7
;__Lib_MathDouble.c,319 :: 		
0x008D	0x28A4      	GOTO       JMPFIXSIGN32
;__Lib_MathDouble.c,320 :: 		
0x008E	0x0AF0      	INCF       R0, 1
;__Lib_MathDouble.c,321 :: 		
0x008F	0x1903      	BTFSC      STATUS, 2
;__Lib_MathDouble.c,322 :: 		
0x0090	0x0AF1      	INCF       R1, 1
;__Lib_MathDouble.c,323 :: 		
0x0091	0x1903      	BTFSC      STATUS, 2
;__Lib_MathDouble.c,324 :: 		
0x0092	0x0AF2      	INCF       R2, 1
;__Lib_MathDouble.c,325 :: 		
0x0093	0x1D03      	BTFSS      STATUS, 2
;__Lib_MathDouble.c,326 :: 		
0x0094	0x28A4      	GOTO       JMPFIXSIGN32
;__Lib_MathDouble.c,327 :: 		
0x0095	0x0CF2      	RRF        R2, 1
;__Lib_MathDouble.c,328 :: 		
0x0096	0x0CF1      	RRF        R1, 1
;__Lib_MathDouble.c,329 :: 		
0x0097	0x0CF0      	RRF        R0, 1
;__Lib_MathDouble.c,330 :: 		
0x0098	0x0AF3      	INCF       R3, 1
;__Lib_MathDouble.c,331 :: 		
0x0099	0x1903      	BTFSC      STATUS, 2
;__Lib_MathDouble.c,332 :: 		
0x009A	0x28A8      	GOTO       JMPSETFOV32
;__Lib_MathDouble.c,333 :: 		
0x009B	0x28A4      	GOTO       JMPFIXSIGN32
;__Lib_MathDouble.c,334 :: 		
JMPRES032:
;__Lib_MathDouble.c,335 :: 		
0x009C	0x3001      	MOVLW      1
;__Lib_MathDouble.c,336 :: 		
0x009D	0x00FC      	MOVWF      R12
;__Lib_MathDouble.c,338 :: 		
0x009E	0x2020      	CALL       _RES032
;__Lib_MathDouble.c,340 :: 		
0x009F	0x28AB      	GOTO       NRM4032EEE
;__Lib_MathDouble.c,341 :: 		
JMPSETFUN32:
;__Lib_MathDouble.c,342 :: 		
0x00A0	0x3002      	MOVLW      2
;__Lib_MathDouble.c,343 :: 		
0x00A1	0x00FC      	MOVWF      R12
;__Lib_MathDouble.c,345 :: 		
0x00A2	0x2003      	CALL       _SETFUN32
;__Lib_MathDouble.c,347 :: 		
0x00A3	0x28AB      	GOTO       NRM4032EEE
;__Lib_MathDouble.c,348 :: 		
JMPFIXSIGN32:
;__Lib_MathDouble.c,349 :: 		
0x00A4	0x3004      	MOVLW      4
;__Lib_MathDouble.c,350 :: 		
0x00A5	0x00FC      	MOVWF      R12
;__Lib_MathDouble.c,352 :: 		
0x00A6	0x2027      	CALL       _FIXSIGN32
;__Lib_MathDouble.c,354 :: 		
0x00A7	0x28AB      	GOTO       NRM4032EEE
;__Lib_MathDouble.c,355 :: 		
JMPSETFOV32:
;__Lib_MathDouble.c,356 :: 		
0x00A8	0x3008      	MOVLW      8
;__Lib_MathDouble.c,357 :: 		
0x00A9	0x00FC      	MOVWF      R12
;__Lib_MathDouble.c,359 :: 		
0x00AA	0x202B      	CALL       _SETFOV32
;__Lib_MathDouble.c,361 :: 		
NRM4032EEE:
;__Lib_MathDouble.c,362 :: 		
0x00AB	0x0000      	NOP
;__Lib_MathDouble.c,370 :: 		
L_end_NRM4032:
0x00AC	0x0008      	RETURN
; end of _NRM4032
_display:
;Project_Temp.c,81 :: 		void display(unsigned char temp)
;Project_Temp.c,83 :: 		unsigned char temp_display1 = 0;
;Project_Temp.c,84 :: 		unsigned char temp_display2 = 0;
;Project_Temp.c,86 :: 		temp_display1 = temp / 10;
0x00AD	0x300A      	MOVLW      10
0x00AE	0x1283      	BCF        STATUS, 5
0x00AF	0x1303      	BCF        STATUS, 6
0x00B0	0x00F4      	MOVWF      R4
0x00B1	0x082B      	MOVF       FARG_display_temp, 0
0x00B2	0x00F0      	MOVWF      R0
0x00B3	0x200F      	CALL       _Div_8X8_U
0x00B4	0x0870      	MOVF       R0, 0
0x00B5	0x00AC      	MOVWF      FLOC__display
0x00B6	0x300A      	MOVLW      10
0x00B7	0x00F4      	MOVWF      R4
0x00B8	0x082B      	MOVF       FARG_display_temp, 0
0x00B9	0x00F0      	MOVWF      R0
0x00BA	0x200F      	CALL       _Div_8X8_U
0x00BB	0x0878      	MOVF       R8, 0
0x00BC	0x00F0      	MOVWF      R0
;Project_Temp.c,89 :: 		data_display1 = temp_display1;
0x00BD	0x082C      	MOVF       FLOC__display, 0
0x00BE	0x0088      	MOVWF      PORTD
;Project_Temp.c,90 :: 		data_display2 = temp_display2;
0x00BF	0x0870      	MOVF       R0, 0
0x00C0	0x0086      	MOVWF      PORTB
;Project_Temp.c,91 :: 		}
L_end_display:
0x00C1	0x0008      	RETURN
; end of _display
_double2byte:
;__Lib_MathDouble.c,1670 :: 		
;__Lib_MathDouble.c,1677 :: 		
0x00C2	0x1283      	BCF        STATUS, 5
;__Lib_MathDouble.c,1678 :: 		
0x00C3	0x1303      	BCF        STATUS, 6
;__Lib_MathDouble.c,1680 :: 		
0x00C4	0x01FB      	CLRF       R11
;__Lib_MathDouble.c,1681 :: 		
0x00C5	0x01FC      	CLRF       R12
;__Lib_MathDouble.c,1682 :: 		
0x00C6	0x01FA      	CLRF       R10
;__Lib_MathDouble.c,1684 :: 		
0x00C7	0x0873      	MOVF       R3, 0
;__Lib_MathDouble.c,1685 :: 		
0x00C8	0x1903      	BTFSC      STATUS, 2
;__Lib_MathDouble.c,1686 :: 		
0x00C9	0x28EF      	GOTO       IRES008
;__Lib_MathDouble.c,1688 :: 		
0x00CA	0x13FA      	BCF        R10, 7
;__Lib_MathDouble.c,1689 :: 		
0x00CB	0x17F2      	BSF        R2, 7
;__Lib_MathDouble.c,1691 :: 		
0x00CC	0x3086      	MOVLW      134
;__Lib_MathDouble.c,1692 :: 		
0x00CD	0x02F3      	SUBWF      R3, 1
;__Lib_MathDouble.c,1693 :: 		
0x00CE	0x1BF3      	BTFSC      R3, 7
;__Lib_MathDouble.c,1694 :: 		
0x00CF	0x28D3      	GOTO       SETEXP08
;__Lib_MathDouble.c,1695 :: 		
0x00D0	0x1903      	BTFSC      STATUS, 2
;__Lib_MathDouble.c,1696 :: 		
0x00D1	0x28D3      	GOTO       SETEXP08
;__Lib_MathDouble.c,1697 :: 		
0x00D2	0x28F1      	GOTO       SETIOV08
;__Lib_MathDouble.c,1698 :: 		
SETEXP08:
;__Lib_MathDouble.c,1699 :: 		
0x00D3	0x09F3      	COMF       R3, 1
;__Lib_MathDouble.c,1700 :: 		
0x00D4	0x0AF3      	INCF       R3, 1
;__Lib_MathDouble.c,1702 :: 		
0x00D5	0x3008      	MOVLW      8
;__Lib_MathDouble.c,1703 :: 		
0x00D6	0x0273      	SUBWF      R3, 0
;__Lib_MathDouble.c,1704 :: 		
0x00D7	0x1C03      	BTFSS      STATUS, 0
;__Lib_MathDouble.c,1705 :: 		
0x00D8	0x28E0      	GOTO       TSHIFT3208
;__Lib_MathDouble.c,1706 :: 		
0x00D9	0x00F3      	MOVWF      R3
;__Lib_MathDouble.c,1707 :: 		
0x00DA	0x0DF2      	RLF        R2, 1
;__Lib_MathDouble.c,1708 :: 		
0x00DB	0x01F2      	CLRF       R2
;__Lib_MathDouble.c,1710 :: 		
0x00DC	0x0873      	MOVF       R3, 0
;__Lib_MathDouble.c,1711 :: 		
0x00DD	0x1D03      	BTFSS      STATUS, 2
;__Lib_MathDouble.c,1712 :: 		
0x00DE	0x1003      	BCF        STATUS, 0
;__Lib_MathDouble.c,1713 :: 		
0x00DF	0x28E7      	GOTO       SHIFT3208OK
;__Lib_MathDouble.c,1714 :: 		
TSHIFT3208:
;__Lib_MathDouble.c,1715 :: 		
0x00E0	0x0873      	MOVF       R3, 0
;__Lib_MathDouble.c,1716 :: 		
0x00E1	0x1903      	BTFSC      STATUS, 2
;__Lib_MathDouble.c,1717 :: 		
0x00E2	0x28E7      	GOTO       SHIFT3208OK
;__Lib_MathDouble.c,1718 :: 		
SHIFT3208:
;__Lib_MathDouble.c,1719 :: 		
0x00E3	0x1003      	BCF        STATUS, 0
;__Lib_MathDouble.c,1720 :: 		
0x00E4	0x0CF2      	RRF        R2, 1
;__Lib_MathDouble.c,1721 :: 		
0x00E5	0x0BF3      	DECFSZ     R3, 1
;__Lib_MathDouble.c,1722 :: 		
0x00E6	0x28E3      	GOTO       SHIFT3208
;__Lib_MathDouble.c,1723 :: 		
SHIFT3208OK:
;__Lib_MathDouble.c,1724 :: 		
0x00E7	0x1B7B      	BTFSC      R11, 6
;__Lib_MathDouble.c,1725 :: 		
0x00E8	0x1C72      	BTFSS      R2, 0
;__Lib_MathDouble.c,1726 :: 		
0x00E9	0x28EF      	GOTO       INT3208OK
;__Lib_MathDouble.c,1727 :: 		
0x00EA	0x1C03      	BTFSS      STATUS, 0
;__Lib_MathDouble.c,1728 :: 		
0x00EB	0x28EF      	GOTO       INT3208OK
;__Lib_MathDouble.c,1729 :: 		
0x00EC	0x0AF2      	INCF       R2, 1
;__Lib_MathDouble.c,1730 :: 		
0x00ED	0x1903      	BTFSC      STATUS, 2
;__Lib_MathDouble.c,1731 :: 		
0x00EE	0x28F6      	GOTO       D2B_JPKSETIOV3224
;__Lib_MathDouble.c,1732 :: 		
INT3208OK:
;__Lib_MathDouble.c,1733 :: 		
IRES008:
;__Lib_MathDouble.c,1734 :: 		
0x00EF	0x01F1      	CLRF       R1
;__Lib_MathDouble.c,1735 :: 		
0x00F0	0x28F9      	GOTO       INT3208EOK
;__Lib_MathDouble.c,1736 :: 		
SETIOV08:
;__Lib_MathDouble.c,1737 :: 		
0x00F1	0x147B      	BSF        R11, 0
;__Lib_MathDouble.c,1738 :: 		
0x00F2	0x1FFB      	BTFSS      R11, 7
;__Lib_MathDouble.c,1739 :: 		
0x00F3	0x28FC      	GOTO       INT3208EER
;__Lib_MathDouble.c,1741 :: 		
0x00F4	0x01F1      	CLRF       R1
;__Lib_MathDouble.c,1742 :: 		
0x00F5	0x28FC      	GOTO       INT3208EER
;__Lib_MathDouble.c,1743 :: 		
D2B_JPKSETIOV3224:
;__Lib_MathDouble.c,1744 :: 		
0x00F6	0x3001      	MOVLW      1
;__Lib_MathDouble.c,1745 :: 		
0x00F7	0x00FC      	MOVWF      R12
;__Lib_MathDouble.c,1746 :: 		
0x00F8	0x28FE      	GOTO       INT3208EEE
;__Lib_MathDouble.c,1747 :: 		
INT3208EOK:
;__Lib_MathDouble.c,1748 :: 		
0x00F9	0x3000      	MOVLW      0
;__Lib_MathDouble.c,1749 :: 		
0x00FA	0x00FC      	MOVWF      R12
;__Lib_MathDouble.c,1750 :: 		
0x00FB	0x28FE      	GOTO       INT3208EEE
;__Lib_MathDouble.c,1751 :: 		
INT3208EER:
;__Lib_MathDouble.c,1752 :: 		
0x00FC	0x30FF      	MOVLW      255
;__Lib_MathDouble.c,1753 :: 		
0x00FD	0x00FC      	MOVWF      R12
;__Lib_MathDouble.c,1754 :: 		
INT3208EEE:
;__Lib_MathDouble.c,1757 :: 		
0x00FE	0x08FC      	MOVF       R12, 1
;__Lib_MathDouble.c,1759 :: 		
0x00FF	0x1903      	BTFSC      STATUS, 2
;__Lib_MathDouble.c,1760 :: 		
0x0100	0x2902      	GOTO       L_Double2Byte_0
;__Lib_MathDouble.c,1762 :: 		
0x0101	0x2037      	CALL       _SETIOV3224
;__Lib_MathDouble.c,1764 :: 		
L_Double2Byte_0:
;__Lib_MathDouble.c,1765 :: 		
0x0102	0x0872      	MOVF       R2, 0
;__Lib_MathDouble.c,1766 :: 		
0x0103	0x00F0      	MOVWF      R0
;__Lib_MathDouble.c,1770 :: 		
L_end_double2byte:
0x0104	0x0008      	RETURN
; end of _double2byte
_Mul_32x32_FP:
;__Lib_MathDouble.c,610 :: 		
;__Lib_MathDouble.c,622 :: 		
;__Lib_MathDouble.c,624 :: 		
0x0105	0x1283      	BCF        STATUS, 5
;__Lib_MathDouble.c,625 :: 		
0x0106	0x1303      	BCF        STATUS, 6
;__Lib_MathDouble.c,627 :: 		
0x0107	0x01FB      	CLRF       R11
;__Lib_MathDouble.c,628 :: 		
0x0108	0x0873      	MOVF       R3, 0
;__Lib_MathDouble.c,629 :: 		
0x0109	0x1D03      	BTFSS      STATUS, 2
;__Lib_MathDouble.c,630 :: 		
0x010A	0x0877      	MOVF       R7, 0
;__Lib_MathDouble.c,631 :: 		
0x010B	0x1903      	BTFSC      STATUS, 2
;__Lib_MathDouble.c,632 :: 		
0x010C	0x295C      	GOTO       JPMRES032
;__Lib_MathDouble.c,634 :: 		
0x010D	0x0872      	MOVF       R2, 0
;__Lib_MathDouble.c,635 :: 		
0x010E	0x0676      	XORWF      R6, 0
;__Lib_MathDouble.c,636 :: 		
0x010F	0x00FA      	MOVWF      R10
;__Lib_MathDouble.c,637 :: 		
0x0110	0x0877      	MOVF       R7, 0
;__Lib_MathDouble.c,638 :: 		
0x0111	0x07F3      	ADDWF      R3, 1
;__Lib_MathDouble.c,639 :: 		
0x0112	0x307E      	MOVLW      126
;__Lib_MathDouble.c,640 :: 		
0x0113	0x1C03      	BTFSS      STATUS, 0
;__Lib_MathDouble.c,641 :: 		
0x0114	0x2919      	GOTO       MTUN32
;__Lib_MathDouble.c,642 :: 		
0x0115	0x02F3      	SUBWF      R3, 1
;__Lib_MathDouble.c,643 :: 		
0x0116	0x1803      	BTFSC      STATUS, 0
;__Lib_MathDouble.c,644 :: 		
0x0117	0x295F      	GOTO       JPMSETFOV32
;__Lib_MathDouble.c,645 :: 		
0x0118	0x291C      	GOTO       MOK32
;__Lib_MathDouble.c,646 :: 		
MTUN32:
;__Lib_MathDouble.c,647 :: 		
0x0119	0x02F3      	SUBWF      R3, 1
;__Lib_MathDouble.c,648 :: 		
0x011A	0x1C03      	BTFSS      STATUS, 0
;__Lib_MathDouble.c,649 :: 		
0x011B	0x2962      	GOTO       JPMSETFUN32
;__Lib_MathDouble.c,650 :: 		
MOK32:
;__Lib_MathDouble.c,651 :: 		
0x011C	0x0872      	MOVF       R2, 0
;__Lib_MathDouble.c,652 :: 		
0x011D	0x00F8      	MOVWF      R8
;__Lib_MathDouble.c,653 :: 		
0x011E	0x0871      	MOVF       R1, 0
;__Lib_MathDouble.c,654 :: 		
0x011F	0x00FC      	MOVWF      R12
;__Lib_MathDouble.c,655 :: 		
0x0120	0x0870      	MOVF       R0, 0
;__Lib_MathDouble.c,656 :: 		
0x0121	0x00FD      	MOVWF      R13
;__Lib_MathDouble.c,657 :: 		
0x0122	0x17F8      	BSF        R8, 7
;__Lib_MathDouble.c,658 :: 		
0x0123	0x17F6      	BSF        R6, 7
;__Lib_MathDouble.c,659 :: 		
0x0124	0x1003      	BCF        STATUS, 0
;__Lib_MathDouble.c,660 :: 		
0x0125	0x01F2      	CLRF       R2
;__Lib_MathDouble.c,661 :: 		
0x0126	0x01F1      	CLRF       R1
;__Lib_MathDouble.c,662 :: 		
0x0127	0x01F0      	CLRF       R0
;__Lib_MathDouble.c,663 :: 		
0x0128	0x3018      	MOVLW      24
;__Lib_MathDouble.c,664 :: 		
0x0129	0x00A0      	MOVWF      __math_tempbD
;__Lib_MathDouble.c,665 :: 		
MLOOP32:
;__Lib_MathDouble.c,666 :: 		
0x012A	0x1C7D      	BTFSS      R13, 0
;__Lib_MathDouble.c,667 :: 		
0x012B	0x2936      	GOTO       MNOADD32
;__Lib_MathDouble.c,669 :: 		
0x012C	0x0874      	MOVF       R4, 0
;__Lib_MathDouble.c,670 :: 		
0x012D	0x07F0      	ADDWF      R0, 1
;__Lib_MathDouble.c,671 :: 		
0x012E	0x0875      	MOVF       R5, 0
;__Lib_MathDouble.c,672 :: 		
0x012F	0x1803      	BTFSC      STATUS, 0
;__Lib_MathDouble.c,673 :: 		
0x0130	0x0F75      	INCFSZ     R5, 0
;__Lib_MathDouble.c,674 :: 		
0x0131	0x07F1      	ADDWF      R1, 1
;__Lib_MathDouble.c,675 :: 		
0x0132	0x0876      	MOVF       R6, 0
;__Lib_MathDouble.c,676 :: 		
0x0133	0x1803      	BTFSC      STATUS, 0
;__Lib_MathDouble.c,677 :: 		
0x0134	0x0F76      	INCFSZ     R6, 0
;__Lib_MathDouble.c,678 :: 		
0x0135	0x07F2      	ADDWF      R2, 1
;__Lib_MathDouble.c,679 :: 		
MNOADD32:
;__Lib_MathDouble.c,680 :: 		
0x0136	0x0CF2      	RRF        R2, 1
;__Lib_MathDouble.c,681 :: 		
0x0137	0x0CF1      	RRF        R1, 1
;__Lib_MathDouble.c,682 :: 		
0x0138	0x0CF0      	RRF        R0, 1
;__Lib_MathDouble.c,683 :: 		
0x0139	0x0CF8      	RRF        R8, 1
;__Lib_MathDouble.c,684 :: 		
0x013A	0x0CFC      	RRF        R12, 1
;__Lib_MathDouble.c,685 :: 		
0x013B	0x0CFD      	RRF        R13, 1
;__Lib_MathDouble.c,686 :: 		
0x013C	0x1003      	BCF        STATUS, 0
;__Lib_MathDouble.c,687 :: 		
0x013D	0x0BA0      	DECFSZ     __math_tempbD, 1
;__Lib_MathDouble.c,688 :: 		
0x013E	0x292A      	GOTO       MLOOP32
;__Lib_MathDouble.c,689 :: 		
0x013F	0x1BF2      	BTFSC      R2, 7
;__Lib_MathDouble.c,690 :: 		
0x0140	0x2946      	GOTO       MROUND32
;__Lib_MathDouble.c,691 :: 		
0x0141	0x0DF8      	RLF        R8, 1
;__Lib_MathDouble.c,692 :: 		
0x0142	0x0DF0      	RLF        R0, 1
;__Lib_MathDouble.c,693 :: 		
0x0143	0x0DF1      	RLF        R1, 1
;__Lib_MathDouble.c,694 :: 		
0x0144	0x0DF2      	RLF        R2, 1
;__Lib_MathDouble.c,695 :: 		
0x0145	0x03F3      	DECF       R3, 1
;__Lib_MathDouble.c,696 :: 		
MROUND32:
;__Lib_MathDouble.c,697 :: 		
0x0146	0x1B7B      	BTFSC      R11, 6
;__Lib_MathDouble.c,698 :: 		
0x0147	0x1C70      	BTFSS      R0, 0
;__Lib_MathDouble.c,699 :: 		
0x0148	0x2958      	GOTO       MUL32OK
;__Lib_MathDouble.c,700 :: 		
0x0149	0x1FF8      	BTFSS      R8, 7
;__Lib_MathDouble.c,701 :: 		
0x014A	0x2958      	GOTO       MUL32OK
;__Lib_MathDouble.c,702 :: 		
0x014B	0x0AF0      	INCF       R0, 1
;__Lib_MathDouble.c,703 :: 		
0x014C	0x1903      	BTFSC      STATUS, 2
;__Lib_MathDouble.c,704 :: 		
0x014D	0x0AF1      	INCF       R1, 1
;__Lib_MathDouble.c,705 :: 		
0x014E	0x1903      	BTFSC      STATUS, 2
;__Lib_MathDouble.c,706 :: 		
0x014F	0x0AF2      	INCF       R2, 1
;__Lib_MathDouble.c,707 :: 		
0x0150	0x1D03      	BTFSS      STATUS, 2
;__Lib_MathDouble.c,708 :: 		
0x0151	0x2958      	GOTO       MUL32OK
;__Lib_MathDouble.c,709 :: 		
0x0152	0x0CF2      	RRF        R2, 1
;__Lib_MathDouble.c,710 :: 		
0x0153	0x0CF1      	RRF        R1, 1
;__Lib_MathDouble.c,711 :: 		
0x0154	0x0CF0      	RRF        R0, 1
;__Lib_MathDouble.c,712 :: 		
0x0155	0x0AF3      	INCF       R3, 1
;__Lib_MathDouble.c,713 :: 		
0x0156	0x1903      	BTFSC      STATUS, 2
;__Lib_MathDouble.c,714 :: 		
0x0157	0x295F      	GOTO       JPMSETFOV32
;__Lib_MathDouble.c,715 :: 		
MUL32OK:
;__Lib_MathDouble.c,716 :: 		
0x0158	0x1FFA      	BTFSS      R10, 7
;__Lib_MathDouble.c,717 :: 		
0x0159	0x13F2      	BCF        R2, 7
;__Lib_MathDouble.c,718 :: 		
0x015A	0x3000      	MOVLW      0
;__Lib_MathDouble.c,720 :: 		
0x015B	0x2964      	GOTO       MUL32EEE
;__Lib_MathDouble.c,721 :: 		
JPMRES032:
;__Lib_MathDouble.c,722 :: 		
0x015C	0x3001      	MOVLW      1
;__Lib_MathDouble.c,725 :: 		
0x015D	0x2020      	CALL       _RES032
;__Lib_MathDouble.c,727 :: 		
0x015E	0x2964      	GOTO       MUL32EEE
;__Lib_MathDouble.c,728 :: 		
JPMSETFOV32:
;__Lib_MathDouble.c,729 :: 		
0x015F	0x3002      	MOVLW      2
;__Lib_MathDouble.c,732 :: 		
0x0160	0x202B      	CALL       _SETFOV32
;__Lib_MathDouble.c,734 :: 		
0x0161	0x2964      	GOTO       MUL32EEE
;__Lib_MathDouble.c,735 :: 		
JPMSETFUN32:
;__Lib_MathDouble.c,736 :: 		
0x0162	0x3004      	MOVLW      4
;__Lib_MathDouble.c,739 :: 		
0x0163	0x2003      	CALL       _SETFUN32
;__Lib_MathDouble.c,741 :: 		
MUL32EEE:
;__Lib_MathDouble.c,742 :: 		
0x0164	0x0000      	NOP
;__Lib_MathDouble.c,749 :: 		
L_end_Mul_32x32_FP:
0x0165	0x0008      	RETURN
; end of _Mul_32x32_FP
_config_temp:
;Project_Temp.c,93 :: 		void config_temp()
;Project_Temp.c,95 :: 		if(button_config == 0)
0x0166	0x1283      	BCF        STATUS, 5
0x0167	0x1303      	BCF        STATUS, 6
0x0168	0x1907      	BTFSC      PORTC, 2
0x0169	0x29C4      	GOTO       L_config_temp7
;Project_Temp.c,97 :: 		led_config = 1;
0x016A	0x1607      	BSF        PORTC, 4
;Project_Temp.c,98 :: 		display(temp_cooler);
0x016B	0x0822      	MOVF       _temp_cooler, 0
0x016C	0x00AB      	MOVWF      FARG_display_temp
0x016D	0x20AD      	CALL       _display
;Project_Temp.c,99 :: 		delay_ms(300);
0x016E	0x3004      	MOVLW      4
0x016F	0x00FB      	MOVWF      R11
0x0170	0x300C      	MOVLW      12
0x0171	0x00FC      	MOVWF      R12
0x0172	0x3033      	MOVLW      51
0x0173	0x00FD      	MOVWF      R13
L_config_temp8:
0x0174	0x0BFD      	DECFSZ     R13, 1
0x0175	0x2974      	GOTO       L_config_temp8
0x0176	0x0BFC      	DECFSZ     R12, 1
0x0177	0x2974      	GOTO       L_config_temp8
0x0178	0x0BFB      	DECFSZ     R11, 1
0x0179	0x2974      	GOTO       L_config_temp8
0x017A	0x0000      	NOP
0x017B	0x0000      	NOP
;Project_Temp.c,100 :: 		while(button_config == 1)
L_config_temp9:
0x017C	0x1D07      	BTFSS      PORTC, 2
0x017D	0x29B2      	GOTO       L_config_temp10
;Project_Temp.c,102 :: 		if(button_up == 0)
0x017E	0x1887      	BTFSC      PORTC, 1
0x017F	0x2997      	GOTO       L_config_temp11
;Project_Temp.c,104 :: 		temp_cooler ++;
0x0180	0x0AA2      	INCF       _temp_cooler, 1
;Project_Temp.c,105 :: 		if(temp_cooler > 99)
0x0181	0x0822      	MOVF       _temp_cooler, 0
0x0182	0x3C63      	SUBLW      99
0x0183	0x1803      	BTFSC      STATUS, 0
0x0184	0x2986      	GOTO       L_config_temp12
;Project_Temp.c,107 :: 		temp_cooler = 0;
0x0185	0x01A2      	CLRF       _temp_cooler
;Project_Temp.c,108 :: 		}
L_config_temp12:
;Project_Temp.c,109 :: 		display(temp_cooler);
0x0186	0x0822      	MOVF       _temp_cooler, 0
0x0187	0x00AB      	MOVWF      FARG_display_temp
0x0188	0x20AD      	CALL       _display
;Project_Temp.c,110 :: 		delay_ms(300);
0x0189	0x3004      	MOVLW      4
0x018A	0x00FB      	MOVWF      R11
0x018B	0x300C      	MOVLW      12
0x018C	0x00FC      	MOVWF      R12
0x018D	0x3033      	MOVLW      51
0x018E	0x00FD      	MOVWF      R13
L_config_temp13:
0x018F	0x0BFD      	DECFSZ     R13, 1
0x0190	0x298F      	GOTO       L_config_temp13
0x0191	0x0BFC      	DECFSZ     R12, 1
0x0192	0x298F      	GOTO       L_config_temp13
0x0193	0x0BFB      	DECFSZ     R11, 1
0x0194	0x298F      	GOTO       L_config_temp13
0x0195	0x0000      	NOP
0x0196	0x0000      	NOP
;Project_Temp.c,111 :: 		}
L_config_temp11:
;Project_Temp.c,112 :: 		if(button_down == 0)
0x0197	0x1987      	BTFSC      PORTC, 3
0x0198	0x29B1      	GOTO       L_config_temp14
;Project_Temp.c,114 :: 		temp_cooler --;
0x0199	0x03A2      	DECF       _temp_cooler, 1
;Project_Temp.c,115 :: 		if(temp_cooler < 0)
0x019A	0x3000      	MOVLW      0
0x019B	0x0222      	SUBWF      _temp_cooler, 0
0x019C	0x1803      	BTFSC      STATUS, 0
0x019D	0x29A0      	GOTO       L_config_temp15
;Project_Temp.c,117 :: 		temp_cooler = 99;
0x019E	0x3063      	MOVLW      99
0x019F	0x00A2      	MOVWF      _temp_cooler
;Project_Temp.c,118 :: 		}
L_config_temp15:
;Project_Temp.c,119 :: 		display(temp_cooler);
0x01A0	0x0822      	MOVF       _temp_cooler, 0
0x01A1	0x00AB      	MOVWF      FARG_display_temp
0x01A2	0x20AD      	CALL       _display
;Project_Temp.c,120 :: 		delay_ms(300);
0x01A3	0x3004      	MOVLW      4
0x01A4	0x00FB      	MOVWF      R11
0x01A5	0x300C      	MOVLW      12
0x01A6	0x00FC      	MOVWF      R12
0x01A7	0x3033      	MOVLW      51
0x01A8	0x00FD      	MOVWF      R13
L_config_temp16:
0x01A9	0x0BFD      	DECFSZ     R13, 1
0x01AA	0x29A9      	GOTO       L_config_temp16
0x01AB	0x0BFC      	DECFSZ     R12, 1
0x01AC	0x29A9      	GOTO       L_config_temp16
0x01AD	0x0BFB      	DECFSZ     R11, 1
0x01AE	0x29A9      	GOTO       L_config_temp16
0x01AF	0x0000      	NOP
0x01B0	0x0000      	NOP
;Project_Temp.c,121 :: 		}
L_config_temp14:
;Project_Temp.c,122 :: 		}
0x01B1	0x297C      	GOTO       L_config_temp9
L_config_temp10:
;Project_Temp.c,123 :: 		display(temp_current);
0x01B2	0x0824      	MOVF       _temp_current, 0
0x01B3	0x00AB      	MOVWF      FARG_display_temp
0x01B4	0x20AD      	CALL       _display
;Project_Temp.c,124 :: 		led_config = 0;
0x01B5	0x1207      	BCF        PORTC, 4
;Project_Temp.c,125 :: 		delay_ms(300);
0x01B6	0x3004      	MOVLW      4
0x01B7	0x00FB      	MOVWF      R11
0x01B8	0x300C      	MOVLW      12
0x01B9	0x00FC      	MOVWF      R12
0x01BA	0x3033      	MOVLW      51
0x01BB	0x00FD      	MOVWF      R13
L_config_temp17:
0x01BC	0x0BFD      	DECFSZ     R13, 1
0x01BD	0x29BC      	GOTO       L_config_temp17
0x01BE	0x0BFC      	DECFSZ     R12, 1
0x01BF	0x29BC      	GOTO       L_config_temp17
0x01C0	0x0BFB      	DECFSZ     R11, 1
0x01C1	0x29BC      	GOTO       L_config_temp17
0x01C2	0x0000      	NOP
0x01C3	0x0000      	NOP
;Project_Temp.c,126 :: 		}
L_config_temp7:
;Project_Temp.c,127 :: 		}
L_end_config_temp:
0x01C4	0x0008      	RETURN
; end of _config_temp
_byte2double:
;__Lib_MathDouble.c,1778 :: 		
;__Lib_MathDouble.c,1785 :: 		
0x01C5	0x1283      	BCF        STATUS, 5
;__Lib_MathDouble.c,1786 :: 		
0x01C6	0x1303      	BCF        STATUS, 6
;__Lib_MathDouble.c,1788 :: 		
0x01C7	0x0870      	MOVF       R0, 0
;__Lib_MathDouble.c,1789 :: 		
0x01C8	0x00F8      	MOVWF      R8
;__Lib_MathDouble.c,1791 :: 		
0x01C9	0x01FB      	CLRF       R11
;__Lib_MathDouble.c,1792 :: 		
0x01CA	0x01FC      	CLRF       R12
;__Lib_MathDouble.c,1794 :: 		
0x01CB	0x309E      	MOVLW      158
;__Lib_MathDouble.c,1795 :: 		
0x01CC	0x00F3      	MOVWF      R3
;__Lib_MathDouble.c,1796 :: 		
0x01CD	0x01FA      	CLRF       R10
;__Lib_MathDouble.c,1797 :: 		
0x01CE	0x01F2      	CLRF       R2
;__Lib_MathDouble.c,1798 :: 		
0x01CF	0x01F1      	CLRF       R1
;__Lib_MathDouble.c,1799 :: 		
0x01D0	0x01F0      	CLRF       R0
;__Lib_MathDouble.c,1800 :: 		
0x01D1	0x3002      	MOVLW      2
;__Lib_MathDouble.c,1801 :: 		
0x01D2	0x00FC      	MOVWF      R12
;__Lib_MathDouble.c,1803 :: 		
0x01D3	0x2053      	CALL       _NRM4032
;__Lib_MathDouble.c,1804 :: 		
L_end_byte2double:
0x01D4	0x0008      	RETURN
; end of _byte2double
_ADC_Init:
;__Lib_ADC_A_C.c,19 :: 		
;__Lib_ADC_A_C.c,20 :: 		
0x01D5	0x30FF      	MOVLW      _ADC_Get_Sample
0x01D6	0x1283      	BCF        STATUS, 5
0x01D7	0x1303      	BCF        STATUS, 6
0x01D8	0x00A7      	MOVWF      _ADC_Get_Sample_Ptr
0x01D9	0x30FF      	MOVLW      hi_addr(_ADC_Get_Sample)
0x01DA	0x00A8      	MOVWF      _ADC_Get_Sample_Ptr+1
0x01DB	0x30FF      	MOVLW      FARG_ADC_Get_Sample_channel
0x01DC	0x00A9      	MOVWF      _ADC_Get_Sample_Ptr+2
0x01DD	0x30FF      	MOVLW      hi_addr(FARG_ADC_Get_Sample_channel)
;__Lib_ADC_A_C.c,22 :: 		
0x01DE	0x019F      	CLRF       ADCON0
;__Lib_ADC_A_C.c,23 :: 		
0x01DF	0x30C0      	MOVLW      192
0x01E0	0x049F      	IORWF      ADCON0, 1
;__Lib_ADC_A_C.c,24 :: 		
0x01E1	0x0921      	COMF       _vref_mask, 0
0x01E2	0x00F0      	MOVWF      R0
0x01E3	0x0870      	MOVF       R0, 0
0x01E4	0x1683      	BSF        STATUS, 5
0x01E5	0x059F      	ANDWF      ADCON1, 1
;__Lib_ADC_A_C.c,25 :: 		
0x01E6	0x171F      	BSF        ADCON1, 6
;__Lib_ADC_A_C.c,26 :: 		
0x01E7	0x179F      	BSF        ADCON1, 7
;__Lib_ADC_A_C.c,29 :: 		
0x01E8	0x1283      	BCF        STATUS, 5
0x01E9	0x141F      	BSF        ADCON0, 0
;__Lib_ADC_A_C.c,30 :: 		
L_end_ADC_Init:
0x01EA	0x0008      	RETURN
; end of _ADC_Init
___CC2DW:
;__Lib_System.c,134 :: 		
;__Lib_System.c,137 :: 		
_CC2D_Loop1:
;__Lib_System.c,139 :: 		
0x01EB	0x204C      	CALL       _____DoICP
0x01EC	0x118A      	BCF        PCLATH, 3
0x01ED	0x120A      	BCF        PCLATH, 4
;__Lib_System.c,141 :: 		
0x01EE	0x0080      	MOVWF      INDF
;__Lib_System.c,142 :: 		
0x01EF	0x0A84      	INCF       FSR, 1
;__Lib_System.c,143 :: 		
0x01F0	0x0AA5      	INCF       ___DoICPAddr, 1
;__Lib_System.c,145 :: 		
0x01F1	0x1903      	BTFSC      STATUS, 2
;__Lib_System.c,146 :: 		
0x01F2	0x0AA6      	INCF       ___DoICPAddr+1, 1
;__Lib_System.c,147 :: 		
0x01F3	0x03F0      	DECF       R0, 1
;__Lib_System.c,149 :: 		
0x01F4	0x1D03      	BTFSS      STATUS, 2
;__Lib_System.c,150 :: 		
0x01F5	0x29EB      	GOTO       _CC2D_Loop1
;__Lib_System.c,152 :: 		
L_end___CC2DW:
0x01F6	0x0008      	RETURN
; end of ___CC2DW
_ADC_Read:
;__Lib_ADC_A_C.c,68 :: 		
;__Lib_ADC_A_C.c,70 :: 		
0x01F7	0x1283      	BCF        STATUS, 5
0x01F8	0x1303      	BCF        STATUS, 6
0x01F9	0x019F      	CLRF       ADCON0
;__Lib_ADC_A_C.c,71 :: 		
0x01FA	0x30C0      	MOVLW      192
0x01FB	0x049F      	IORWF      ADCON0, 1
;__Lib_ADC_A_C.c,72 :: 		
0x01FC	0x0921      	COMF       _vref_mask, 0
0x01FD	0x00F0      	MOVWF      R0
0x01FE	0x0870      	MOVF       R0, 0
0x01FF	0x1683      	BSF        STATUS, 5
0x0200	0x059F      	ANDWF      ADCON1, 1
;__Lib_ADC_A_C.c,73 :: 		
0x0201	0x171F      	BSF        ADCON1, 6
;__Lib_ADC_A_C.c,74 :: 		
0x0202	0x179F      	BSF        ADCON1, 7
;__Lib_ADC_A_C.c,75 :: 		
0x0203	0x1283      	BCF        STATUS, 5
0x0204	0x082A      	MOVF       FARG_ADC_Read_channel, 0
0x0205	0x00F0      	MOVWF      R0
0x0206	0x0DF0      	RLF        R0, 1
0x0207	0x1070      	BCF        R0, 0
0x0208	0x0DF0      	RLF        R0, 1
0x0209	0x1070      	BCF        R0, 0
0x020A	0x0DF0      	RLF        R0, 1
0x020B	0x1070      	BCF        R0, 0
0x020C	0x0870      	MOVF       R0, 0
0x020D	0x049F      	IORWF      ADCON0, 1
;__Lib_ADC_A_C.c,78 :: 		
0x020E	0x141F      	BSF        ADCON0, 0
;__Lib_ADC_A_C.c,81 :: 		
0x020F	0x2044      	CALL       _Delay_22us
;__Lib_ADC_A_C.c,84 :: 		
0x0210	0x151F      	BSF        ADCON0, 2
;__Lib_ADC_A_C.c,87 :: 		
L_ADC_Read2:
0x0211	0x1D1F      	BTFSS      ADCON0, 2
0x0212	0x2A15      	GOTO       L_ADC_Read3
;__Lib_ADC_A_C.c,88 :: 		
0x0213	0x0000      	NOP
0x0214	0x2A11      	GOTO       L_ADC_Read2
L_ADC_Read3:
;__Lib_ADC_A_C.c,91 :: 		
0x0215	0x101F      	BCF        ADCON0, 0
;__Lib_ADC_A_C.c,94 :: 		
0x0216	0x081E      	MOVF       ADRESH, 0
0x0217	0x00F1      	MOVWF      R0+1
0x0218	0x01F0      	CLRF       R0
0x0219	0x1683      	BSF        STATUS, 5
0x021A	0x081E      	MOVF       ADRESL, 0
0x021B	0x04F0      	IORWF      R0, 1
0x021C	0x3000      	MOVLW      0
0x021D	0x04F1      	IORWF      R0+1, 1
;__Lib_ADC_A_C.c,95 :: 		
L_end_ADC_Read:
0x021E	0x0008      	RETURN
; end of _ADC_Read
_config_pin:
;Project_Temp.c,49 :: 		void config_pin()
;Project_Temp.c,52 :: 		trisa.ra0 = 1;
0x021F	0x1683      	BSF        STATUS, 5
0x0220	0x1303      	BCF        STATUS, 6
0x0221	0x1405      	BSF        TRISA, 0
;Project_Temp.c,53 :: 		porta.ra0 = 0;
0x0222	0x1283      	BCF        STATUS, 5
0x0223	0x1005      	BCF        PORTA, 0
;Project_Temp.c,56 :: 		trisd = 0;
0x0224	0x1683      	BSF        STATUS, 5
0x0225	0x0188      	CLRF       TRISD
;Project_Temp.c,57 :: 		data_display1 = 1;
0x0226	0x3001      	MOVLW      1
0x0227	0x1283      	BCF        STATUS, 5
0x0228	0x0088      	MOVWF      PORTD
;Project_Temp.c,59 :: 		trisb = 0;
0x0229	0x1683      	BSF        STATUS, 5
0x022A	0x0186      	CLRF       TRISB
;Project_Temp.c,60 :: 		data_display2 = 1;
0x022B	0x3001      	MOVLW      1
0x022C	0x1283      	BCF        STATUS, 5
0x022D	0x0086      	MOVWF      PORTB
;Project_Temp.c,63 :: 		trisc.rc2 = 1;
0x022E	0x1683      	BSF        STATUS, 5
0x022F	0x1507      	BSF        TRISC, 2
;Project_Temp.c,64 :: 		button_config = 1;
0x0230	0x1283      	BCF        STATUS, 5
0x0231	0x1507      	BSF        PORTC, 2
;Project_Temp.c,66 :: 		trisc.rc1 = 1;
0x0232	0x1683      	BSF        STATUS, 5
0x0233	0x1487      	BSF        TRISC, 1
;Project_Temp.c,67 :: 		button_up = 1;
0x0234	0x1283      	BCF        STATUS, 5
0x0235	0x1487      	BSF        PORTC, 1
;Project_Temp.c,69 :: 		trisc.rc3 = 1;
0x0236	0x1683      	BSF        STATUS, 5
0x0237	0x1587      	BSF        TRISC, 3
;Project_Temp.c,70 :: 		button_down = 1;
0x0238	0x1283      	BCF        STATUS, 5
0x0239	0x1587      	BSF        PORTC, 3
;Project_Temp.c,73 :: 		trisc.rc4 = 0;
0x023A	0x1683      	BSF        STATUS, 5
0x023B	0x1207      	BCF        TRISC, 4
;Project_Temp.c,74 :: 		led_config = 0;
0x023C	0x1283      	BCF        STATUS, 5
0x023D	0x1207      	BCF        PORTC, 4
;Project_Temp.c,77 :: 		trisc.rc0 = 0;
0x023E	0x1683      	BSF        STATUS, 5
0x023F	0x1007      	BCF        TRISC, 0
;Project_Temp.c,78 :: 		cooler = 0;
0x0240	0x1283      	BCF        STATUS, 5
0x0241	0x1007      	BCF        PORTC, 0
;Project_Temp.c,79 :: 		}
L_end_config_pin:
0x0242	0x0008      	RETURN
; end of _config_pin
_main:
0x0243	0x2292      	CALL       658
;Project_Temp.c,19 :: 		void main()
;Project_Temp.c,21 :: 		config_pin();
0x0244	0x221F      	CALL       _config_pin
;Project_Temp.c,22 :: 		ADC_Init();
0x0245	0x21D5      	CALL       _ADC_Init
;Project_Temp.c,23 :: 		delay_ms(100);
0x0246	0x3002      	MOVLW      2
0x0247	0x00FB      	MOVWF      R11
0x0248	0x3004      	MOVLW      4
0x0249	0x00FC      	MOVWF      R12
0x024A	0x30BA      	MOVLW      186
0x024B	0x00FD      	MOVWF      R13
L_main0:
0x024C	0x0BFD      	DECFSZ     R13, 1
0x024D	0x2A4C      	GOTO       L_main0
0x024E	0x0BFC      	DECFSZ     R12, 1
0x024F	0x2A4C      	GOTO       L_main0
0x0250	0x0BFB      	DECFSZ     R11, 1
0x0251	0x2A4C      	GOTO       L_main0
0x0252	0x0000      	NOP
;Project_Temp.c,25 :: 		display(0);
0x0253	0x01AB      	CLRF       FARG_display_temp
0x0254	0x20AD      	CALL       _display
;Project_Temp.c,26 :: 		delay_ms(500);
0x0255	0x3006      	MOVLW      6
0x0256	0x00FB      	MOVWF      R11
0x0257	0x3013      	MOVLW      19
0x0258	0x00FC      	MOVWF      R12
0x0259	0x30AD      	MOVLW      173
0x025A	0x00FD      	MOVWF      R13
L_main1:
0x025B	0x0BFD      	DECFSZ     R13, 1
0x025C	0x2A5B      	GOTO       L_main1
0x025D	0x0BFC      	DECFSZ     R12, 1
0x025E	0x2A5B      	GOTO       L_main1
0x025F	0x0BFB      	DECFSZ     R11, 1
0x0260	0x2A5B      	GOTO       L_main1
0x0261	0x0000      	NOP
0x0262	0x0000      	NOP
;Project_Temp.c,28 :: 		while(1)
L_main2:
;Project_Temp.c,30 :: 		temp_current = ADC_Read(0);
0x0263	0x01AA      	CLRF       FARG_ADC_Read_channel
0x0264	0x21F7      	CALL       _ADC_Read
0x0265	0x0870      	MOVF       R0, 0
0x0266	0x1283      	BCF        STATUS, 5
0x0267	0x00A4      	MOVWF      _temp_current
;Project_Temp.c,31 :: 		temp_current = (temp_current * ((5.0/1024.0) * 100.0));
0x0268	0x21C5      	CALL       _byte2double
0x0269	0x3000      	MOVLW      0
0x026A	0x00F4      	MOVWF      R4
0x026B	0x3000      	MOVLW      0
0x026C	0x00F5      	MOVWF      R4+1
0x026D	0x307A      	MOVLW      122
0x026E	0x00F6      	MOVWF      R4+2
0x026F	0x307D      	MOVLW      125
0x0270	0x00F7      	MOVWF      R4+3
0x0271	0x2105      	CALL       _Mul_32x32_FP
0x0272	0x20C2      	CALL       _double2byte
0x0273	0x0870      	MOVF       R0, 0
0x0274	0x00A4      	MOVWF      _temp_current
;Project_Temp.c,32 :: 		if(temp_current != temp_past)
0x0275	0x0870      	MOVF       R0, 0
0x0276	0x0623      	XORWF      _temp_past, 0
0x0277	0x1903      	BTFSC      STATUS, 2
0x0278	0x2A7E      	GOTO       L_main4
;Project_Temp.c,34 :: 		temp_past = temp_current;
0x0279	0x0824      	MOVF       _temp_current, 0
0x027A	0x00A3      	MOVWF      _temp_past
;Project_Temp.c,35 :: 		display(temp_current);
0x027B	0x0824      	MOVF       _temp_current, 0
0x027C	0x00AB      	MOVWF      FARG_display_temp
0x027D	0x20AD      	CALL       _display
;Project_Temp.c,36 :: 		}
L_main4:
;Project_Temp.c,37 :: 		config_temp();
0x027E	0x2166      	CALL       _config_temp
;Project_Temp.c,38 :: 		if(temp_current >= temp_cooler)
0x027F	0x0822      	MOVF       _temp_cooler, 0
0x0280	0x0224      	SUBWF      _temp_current, 0
0x0281	0x1C03      	BTFSS      STATUS, 0
0x0282	0x2A85      	GOTO       L_main5
;Project_Temp.c,40 :: 		cooler = 1;
0x0283	0x1407      	BSF        PORTC, 0
;Project_Temp.c,41 :: 		}
0x0284	0x2A86      	GOTO       L_main6
L_main5:
;Project_Temp.c,44 :: 		cooler = 0;
0x0285	0x1007      	BCF        PORTC, 0
;Project_Temp.c,45 :: 		}
L_main6:
;Project_Temp.c,46 :: 		}
0x0286	0x2A63      	GOTO       L_main2
;Project_Temp.c,47 :: 		}
L_end_main:
0x0287	0x2A87      	GOTO       $+0
; end of _main
0x0292	0x3021      	MOVLW      33
0x0293	0x0084      	MOVWF      FSR
0x0294	0x3004      	MOVLW      4
0x0295	0x1283      	BCF        STATUS, 5
0x0296	0x1303      	BCF        STATUS, 6
0x0297	0x00F0      	MOVWF      R0
0x0298	0x308D      	MOVLW      141
0x0299	0x00A5      	MOVWF      ___DoICPAddr
0x029A	0x3002      	MOVLW      2
0x029B	0x00A6      	MOVWF      38
0x029C	0x21EB      	CALL       491
0x029D	0x0008      	RETURN
;__Lib_ADC_A_C.c,0 :: ?ICS_vref_mask
0x028D	0x340F ;?ICS_vref_mask+0
; end of ?ICS_vref_mask
;Project_Temp.c,0 :: ?ICS_temp_cooler
0x028E	0x341E ;?ICS_temp_cooler+0
; end of ?ICS_temp_cooler
;Project_Temp.c,0 :: ?ICS_temp_past
0x028F	0x3400 ;?ICS_temp_past+0
; end of ?ICS_temp_past
;Project_Temp.c,0 :: ?ICS_temp_current
0x0290	0x3400 ;?ICS_temp_current+0
; end of ?ICS_temp_current
Symbol List:
//** Routines locations **
//ADDRESS    SIZE    PROCEDURE
//----------------------------------------------
0x0003      [12]    _SETFUN32
0x000F      [17]    _Div_8X8_U
0x0020       [7]    _RES032
0x0027       [4]    _FIXSIGN32
0x002B      [12]    _SETFOV32
0x0037      [13]    _SETIOV3224
0x0044       [8]    _Delay_22us
0x004C       [7]    _____DoICP
0x0053      [90]    _NRM4032
0x00AD      [21]    _display
0x00C2      [67]    _double2byte
0x0105      [97]    _Mul_32x32_FP
0x0166      [95]    _config_temp
0x01C5      [16]    _byte2double
0x01D5      [22]    _ADC_Init
0x01EB      [12]    ___CC2DW
0x01F7      [40]    _ADC_Read
0x021F      [36]    _config_pin
0x0243      [68]    _main
//** Variables locations ** 
//ADDRESS    SIZE    VARIABLE
//----------------------------------------------
0x0000       [1]    INDF
0x0002       [1]    PCL
0x0003       [1]    STATUS
0x0004       [1]    FSR
0x0005       [1]    PORTA
0x0006       [1]    PORTB
0x0007       [1]    PORTC
0x0008       [1]    PORTD
0x000A       [1]    PCLATH
0x001E       [1]    ADRESH
0x001F       [1]    ADCON0
0x0020       [1]    __math_tempbD
0x0021       [1]    _vref_mask
0x0022       [1]    _temp_cooler
0x0023       [1]    _temp_past
0x0024       [1]    _temp_current
0x0025       [2]    ___DoICPAddr
0x0027       [3]    _ADC_Get_Sample_Ptr
0x002A       [1]    FARG_ADC_Read_channel
0x002B       [1]    FARG_display_temp
0x002C       [1]    FLOC__display
0x0070       [1]    R0
0x0071       [1]    R1
0x0072       [1]    R2
0x0073       [1]    R3
0x0074       [1]    R4
0x0075       [1]    R5
0x0076       [1]    R6
0x0077       [1]    R7
0x0078       [1]    R8
0x0079       [1]    R9
0x007A       [1]    R10
0x007B       [1]    R11
0x007C       [1]    R12
0x007D       [1]    R13
0x007E       [1]    R14
0x007F       [1]    R15
0x0085       [1]    TRISA
0x0086       [1]    TRISB
0x0087       [1]    TRISC
0x0088       [1]    TRISD
0x009E       [1]    ADRESL
0x009F       [1]    ADCON1
//** Constants locations ** 
//ADDRESS    SIZE    CONSTANT
//----------------------------------------------
0x028D       [1]    ?ICS_vref_mask
0x028E       [1]    ?ICS_temp_cooler
0x028F       [1]    ?ICS_temp_past
0x0290       [1]    ?ICS_temp_current
